0 [17/07/04 08:54:32:729][main][com.mchange.v2.log.MLog-<clinit>] MLog clients using log4j logging.
285 [17/07/04 08:54:33:014][main][com.mchange.v2.c3p0.C3P0Registry-banner] Initializing c3p0-0.9.1.2 [built 21-May-2007 15:04:56; debug? true; trace: 10]
406 [17/07/04 08:54:33:135][main][com.mchange.v2.c3p0.impl.AbstractPoolBackedDataSource-getPoolManager] Initializing c3p0 pool... com.mchange.v2.c3p0.ComboPooledDataSource [ acquireIncrement -> 2, acquireRetryAttempts -> 30, acquireRetryDelay -> 1000, autoCommitOnClose -> false, automaticTestTable -> null, breakAfterAcquireFailure -> false, checkoutTimeout -> 0, connectionCustomizerClassName -> null, connectionTesterClassName -> com.mchange.v2.c3p0.impl.DefaultConnectionTester, dataSourceName -> 1hge9e89p32sh861fr4pau|1f0f92f5, debugUnreturnedConnectionStackTraces -> false, description -> null, driverClass -> com.mysql.jdbc.Driver, factoryClassLocation -> null, forceIgnoreUnresolvedTransactions -> false, identityToken -> 1hge9e89p32sh861fr4pau|1f0f92f5, idleConnectionTestPeriod -> 0, initialPoolSize -> 10, jdbcUrl -> jdbc:mysql://127.0.0.1:3306/jfinal_cms?characterEncoding=UTF-8&zeroDateTimeBehavior=convertToNull, maxAdministrativeTaskTime -> 0, maxConnectionAge -> 0, maxIdleTime -> 20, maxIdleTimeExcessConnections -> 0, maxPoolSize -> 100, maxStatements -> 0, maxStatementsPerConnection -> 0, minPoolSize -> 10, numHelperThreads -> 3, numThreadsAwaitingCheckoutDefaultUser -> 0, preferredTestQuery -> null, properties -> {user=******, password=******}, propertyCycle -> 0, testConnectionOnCheckin -> false, testConnectionOnCheckout -> false, unreturnedConnectionTimeout -> 0, usesTraditionalReflectiveProxies -> false ]
1228 [17/07/04 08:54:33:957][main][com.jflyfox.component.util.JFlyFoxCache-init] ####缓存初始化开始......
1254 [17/07/04 08:54:33:983][main][com.jflyfox.system.dict.DictCache-init] ####数据字典Cache初始化......
1266 [17/07/04 08:54:33:995][main][com.jflyfox.system.user.UserCache-init] ####用户Cache初始化......
1272 [17/07/04 08:54:34:001][main][com.jflyfox.system.config.ConfigCache-init] ####参数配置Cache初始化......
1277 [17/07/04 08:54:34:006][main][com.jflyfox.modules.admin.pageview.PageViewCache-init] ####PageViewCache初始化......
1278 [17/07/04 08:54:34:007][main][com.jflyfox.modules.admin.friendlylink.FriendlylinkCache-init] ####FriendlylinkCache初始化......
1286 [17/07/04 08:54:34:015][main][com.jflyfox.modules.admin.folder.FolderService-initMenuKey] ####目录Key初始化......
1291 [17/07/04 08:54:34:020][main][com.jflyfox.system.log.SysLog-init] ####日志配置初始化......
1293 [17/07/04 08:54:34:022][main][com.jflyfox.component.util.JFlyFoxCache-init] ####缓存初始化结束......
41052 [17/07/04 08:55:13:781][qtp1658704411-25][com.jflyfox.system.user.UserInterceptor-intercept] ####非法的请求
41155 [17/07/04 08:55:13:884][qtp1658704411-20][com.jflyfox.system.user.UserInterceptor-intercept] ####非法的请求
45932 [17/07/04 08:55:18:661][qtp1658704411-20][com.jflyfox.system.user.UserInterceptor-intercept] ####非法的请求
181293 [17/07/04 08:57:34:022][qtp1658704411-23][com.jflyfox.system.user.UserInterceptor-intercept] ####非法的请求
181302 [17/07/04 08:57:34:031][qtp1658704411-21][com.jflyfox.system.user.UserInterceptor-intercept] ####非法的请求
655687 [17/07/04 09:05:28:416][qtp1658704411-20][com.jflyfox.modules.admin.folder.FolderService-initMenuKey] ####目录Key初始化......
1256725 [17/07/04 09:15:29:454][qtp1658704411-25][com.jflyfox.modules.admin.folder.FolderService-initMenuKey] ####目录Key初始化......
1857762 [17/07/04 09:25:30:491][qtp1658704411-23][com.jflyfox.modules.admin.folder.FolderService-initMenuKey] ####目录Key初始化......
2458800 [17/07/04 09:35:31:529][qtp1658704411-21][com.jflyfox.modules.admin.folder.FolderService-initMenuKey] ####目录Key初始化......
3059839 [17/07/04 09:45:32:568][qtp1658704411-25][com.jflyfox.modules.admin.folder.FolderService-initMenuKey] ####目录Key初始化......
3660873 [17/07/04 09:55:33:602][qtp1658704411-23][com.jflyfox.modules.admin.folder.FolderService-initMenuKey] ####目录Key初始化......
4261910 [17/07/04 10:05:34:639][qtp1658704411-22][com.jflyfox.modules.admin.folder.FolderService-initMenuKey] ####目录Key初始化......
4862946 [17/07/04 10:15:35:675][qtp1658704411-20][com.jflyfox.modules.admin.folder.FolderService-initMenuKey] ####目录Key初始化......
5463987 [17/07/04 10:25:36:716][qtp1658704411-22][com.jflyfox.modules.admin.folder.FolderService-initMenuKey] ####目录Key初始化......
6065022 [17/07/04 10:35:37:751][qtp1658704411-20][com.jflyfox.modules.admin.folder.FolderService-initMenuKey] ####目录Key初始化......
6666058 [17/07/04 10:45:38:787][qtp1658704411-23][com.jflyfox.modules.admin.folder.FolderService-initMenuKey] ####目录Key初始化......
7267098 [17/07/04 10:55:39:827][qtp1658704411-21][com.jflyfox.modules.admin.folder.FolderService-initMenuKey] ####目录Key初始化......
0 [17/07/04 11:01:30:147][main][com.mchange.v2.log.MLog-<clinit>] MLog clients using log4j logging.
269 [17/07/04 11:01:30:416][main][com.mchange.v2.c3p0.C3P0Registry-banner] Initializing c3p0-0.9.1.2 [built 21-May-2007 15:04:56; debug? true; trace: 10]
395 [17/07/04 11:01:30:542][main][com.mchange.v2.c3p0.impl.AbstractPoolBackedDataSource-getPoolManager] Initializing c3p0 pool... com.mchange.v2.c3p0.ComboPooledDataSource [ acquireIncrement -> 2, acquireRetryAttempts -> 30, acquireRetryDelay -> 1000, autoCommitOnClose -> false, automaticTestTable -> null, breakAfterAcquireFailure -> false, checkoutTimeout -> 0, connectionCustomizerClassName -> null, connectionTesterClassName -> com.mchange.v2.c3p0.impl.DefaultConnectionTester, dataSourceName -> 1hge9e89p37bquyxcvoxz|54d2887a, debugUnreturnedConnectionStackTraces -> false, description -> null, driverClass -> com.mysql.jdbc.Driver, factoryClassLocation -> null, forceIgnoreUnresolvedTransactions -> false, identityToken -> 1hge9e89p37bquyxcvoxz|54d2887a, idleConnectionTestPeriod -> 0, initialPoolSize -> 10, jdbcUrl -> jdbc:mysql://127.0.0.1:3306/jfinal_cms?characterEncoding=UTF-8&zeroDateTimeBehavior=convertToNull, maxAdministrativeTaskTime -> 0, maxConnectionAge -> 0, maxIdleTime -> 20, maxIdleTimeExcessConnections -> 0, maxPoolSize -> 100, maxStatements -> 0, maxStatementsPerConnection -> 0, minPoolSize -> 10, numHelperThreads -> 3, numThreadsAwaitingCheckoutDefaultUser -> 0, preferredTestQuery -> null, properties -> {user=******, password=******}, propertyCycle -> 0, testConnectionOnCheckin -> false, testConnectionOnCheckout -> false, unreturnedConnectionTimeout -> 0, usesTraditionalReflectiveProxies -> false ]
829 [17/07/04 11:01:30:976][main][com.jflyfox.component.util.JFlyFoxCache-init] ####缓存初始化开始......
856 [17/07/04 11:01:31:003][main][com.jflyfox.system.dict.DictCache-init] ####数据字典Cache初始化......
869 [17/07/04 11:01:31:016][main][com.jflyfox.system.user.UserCache-init] ####用户Cache初始化......
874 [17/07/04 11:01:31:021][main][com.jflyfox.system.config.ConfigCache-init] ####参数配置Cache初始化......
880 [17/07/04 11:01:31:027][main][com.jflyfox.modules.admin.pageview.PageViewCache-init] ####PageViewCache初始化......
882 [17/07/04 11:01:31:029][main][com.jflyfox.modules.admin.friendlylink.FriendlylinkCache-init] ####FriendlylinkCache初始化......
893 [17/07/04 11:01:31:040][main][com.jflyfox.modules.admin.folder.FolderService-initMenuKey] ####目录Key初始化......
900 [17/07/04 11:01:31:047][main][com.jflyfox.system.log.SysLog-init] ####日志配置初始化......
902 [17/07/04 11:01:31:049][main][com.jflyfox.component.util.JFlyFoxCache-init] ####缓存初始化结束......
10462 [17/07/04 11:01:40:609][qtp632115057-25][com.jflyfox.system.user.UserInterceptor-intercept] ####非法的请求
0 [17/07/04 11:02:54:904][main][com.mchange.v2.log.MLog-<clinit>] MLog clients using log4j logging.
290 [17/07/04 11:02:55:194][main][com.mchange.v2.c3p0.C3P0Registry-banner] Initializing c3p0-0.9.1.2 [built 21-May-2007 15:04:56; debug? true; trace: 10]
403 [17/07/04 11:02:55:307][main][com.mchange.v2.c3p0.impl.AbstractPoolBackedDataSource-getPoolManager] Initializing c3p0 pool... com.mchange.v2.c3p0.ComboPooledDataSource [ acquireIncrement -> 2, acquireRetryAttempts -> 30, acquireRetryDelay -> 1000, autoCommitOnClose -> false, automaticTestTable -> null, breakAfterAcquireFailure -> false, checkoutTimeout -> 0, connectionCustomizerClassName -> null, connectionTesterClassName -> com.mchange.v2.c3p0.impl.DefaultConnectionTester, dataSourceName -> 1hge9e89p37dk9bxpin9r|13e6c544, debugUnreturnedConnectionStackTraces -> false, description -> null, driverClass -> com.mysql.jdbc.Driver, factoryClassLocation -> null, forceIgnoreUnresolvedTransactions -> false, identityToken -> 1hge9e89p37dk9bxpin9r|13e6c544, idleConnectionTestPeriod -> 0, initialPoolSize -> 10, jdbcUrl -> jdbc:mysql://127.0.0.1:3306/jfinal_cms?characterEncoding=UTF-8&zeroDateTimeBehavior=convertToNull, maxAdministrativeTaskTime -> 0, maxConnectionAge -> 0, maxIdleTime -> 20, maxIdleTimeExcessConnections -> 0, maxPoolSize -> 100, maxStatements -> 0, maxStatementsPerConnection -> 0, minPoolSize -> 10, numHelperThreads -> 3, numThreadsAwaitingCheckoutDefaultUser -> 0, preferredTestQuery -> null, properties -> {user=******, password=******}, propertyCycle -> 0, testConnectionOnCheckin -> false, testConnectionOnCheckout -> false, unreturnedConnectionTimeout -> 0, usesTraditionalReflectiveProxies -> false ]
875 [17/07/04 11:02:55:779][main][com.jflyfox.component.util.JFlyFoxCache-init] ####缓存初始化开始......
913 [17/07/04 11:02:55:817][main][com.jflyfox.system.dict.DictCache-init] ####数据字典Cache初始化......
934 [17/07/04 11:02:55:838][main][com.jflyfox.system.user.UserCache-init] ####用户Cache初始化......
951 [17/07/04 11:02:55:855][main][com.jflyfox.system.config.ConfigCache-init] ####参数配置Cache初始化......
968 [17/07/04 11:02:55:872][main][com.jflyfox.modules.admin.pageview.PageViewCache-init] ####PageViewCache初始化......
972 [17/07/04 11:02:55:876][main][com.jflyfox.modules.admin.friendlylink.FriendlylinkCache-init] ####FriendlylinkCache初始化......
983 [17/07/04 11:02:55:887][main][com.jflyfox.modules.admin.folder.FolderService-initMenuKey] ####目录Key初始化......
990 [17/07/04 11:02:55:894][main][com.jflyfox.system.log.SysLog-init] ####日志配置初始化......
993 [17/07/04 11:02:55:897][main][com.jflyfox.component.util.JFlyFoxCache-init] ####缓存初始化结束......
7904 [17/07/04 11:03:02:808][qtp2042120257-26][com.jflyfox.system.user.UserInterceptor-intercept] ####非法的请求
24306 [17/07/04 11:03:19:210][qtp2042120257-28][com.jflyfox.system.user.UserInterceptor-intercept] ####非法的请求
725997 [17/07/04 11:15:00:901][qtp2042120257-28][com.jflyfox.modules.admin.folder.FolderService-initMenuKey] ####目录Key初始化......
1327031 [17/07/04 11:25:01:935][qtp2042120257-25][com.jflyfox.modules.admin.folder.FolderService-initMenuKey] ####目录Key初始化......
1928067 [17/07/04 11:35:02:971][qtp2042120257-24][com.jflyfox.modules.admin.folder.FolderService-initMenuKey] ####目录Key初始化......
2529104 [17/07/04 11:45:04:008][qtp2042120257-23][com.jflyfox.modules.admin.folder.FolderService-initMenuKey] ####目录Key初始化......
3130140 [17/07/04 11:55:05:044][qtp2042120257-26][com.jflyfox.modules.admin.folder.FolderService-initMenuKey] ####目录Key初始化......
3731179 [17/07/04 12:05:06:083][qtp2042120257-21][com.jflyfox.modules.admin.folder.FolderService-initMenuKey] ####目录Key初始化......
4332215 [17/07/04 12:15:07:119][qtp2042120257-26][com.jflyfox.modules.admin.folder.FolderService-initMenuKey] ####目录Key初始化......
4933252 [17/07/04 12:25:08:156][qtp2042120257-21][com.jflyfox.modules.admin.folder.FolderService-initMenuKey] ####目录Key初始化......
5534290 [17/07/04 12:35:09:194][qtp2042120257-25][com.jflyfox.modules.admin.folder.FolderService-initMenuKey] ####目录Key初始化......
6135326 [17/07/04 12:45:10:230][qtp2042120257-28][com.jflyfox.modules.admin.folder.FolderService-initMenuKey] ####目录Key初始化......
6736363 [17/07/04 12:55:11:267][qtp2042120257-25][com.jflyfox.modules.admin.folder.FolderService-initMenuKey] ####目录Key初始化......
7337400 [17/07/04 13:05:12:304][qtp2042120257-23][com.jflyfox.modules.admin.folder.FolderService-initMenuKey] ####目录Key初始化......
7938437 [17/07/04 13:15:13:341][qtp2042120257-25][com.jflyfox.modules.admin.folder.FolderService-initMenuKey] ####目录Key初始化......
8539474 [17/07/04 13:25:14:378][qtp2042120257-23][com.jflyfox.modules.admin.folder.FolderService-initMenuKey] ####目录Key初始化......
9140510 [17/07/04 13:35:15:414][qtp2042120257-25][com.jflyfox.modules.admin.folder.FolderService-initMenuKey] ####目录Key初始化......
9741547 [17/07/04 13:45:16:451][qtp2042120257-28][com.jflyfox.modules.admin.folder.FolderService-initMenuKey] ####目录Key初始化......
10342585 [17/07/04 13:55:17:489][qtp2042120257-26][com.jflyfox.modules.admin.folder.FolderService-initMenuKey] ####目录Key初始化......
10943623 [17/07/04 14:05:18:527][qtp2042120257-21][com.jflyfox.modules.admin.folder.FolderService-initMenuKey] ####目录Key初始化......
11544658 [17/07/04 14:15:19:562][qtp2042120257-26][com.jflyfox.modules.admin.folder.FolderService-initMenuKey] ####目录Key初始化......
12145697 [17/07/04 14:25:20:601][qtp2042120257-21][com.jflyfox.modules.admin.folder.FolderService-initMenuKey] ####目录Key初始化......
12746733 [17/07/04 14:35:21:637][qtp2042120257-26][com.jflyfox.modules.admin.folder.FolderService-initMenuKey] ####目录Key初始化......
13347772 [17/07/04 14:45:22:676][qtp2042120257-21][com.jflyfox.modules.admin.folder.FolderService-initMenuKey] ####目录Key初始化......
13948806 [17/07/04 14:55:23:710][qtp2042120257-25][com.jflyfox.modules.admin.folder.FolderService-initMenuKey] ####目录Key初始化......
14549844 [17/07/04 15:05:24:748][qtp2042120257-24][com.jflyfox.modules.admin.folder.FolderService-initMenuKey] ####目录Key初始化......
15150882 [17/07/04 15:15:25:786][qtp2042120257-23][com.jflyfox.modules.admin.folder.FolderService-initMenuKey] ####目录Key初始化......
15751918 [17/07/04 15:25:26:822][qtp2042120257-25][com.jflyfox.modules.admin.folder.FolderService-initMenuKey] ####目录Key初始化......
16352956 [17/07/04 15:35:27:860][qtp2042120257-24][com.jflyfox.modules.admin.folder.FolderService-initMenuKey] ####目录Key初始化......
16953993 [17/07/04 15:45:28:897][qtp2042120257-24][com.jflyfox.modules.admin.folder.FolderService-initMenuKey] ####目录Key初始化......
17555029 [17/07/04 15:55:29:933][qtp2042120257-28][com.jflyfox.modules.admin.folder.FolderService-initMenuKey] ####目录Key初始化......
18156066 [17/07/04 16:05:30:970][qtp2042120257-24][com.jflyfox.modules.admin.folder.FolderService-initMenuKey] ####目录Key初始化......
18757103 [17/07/04 16:15:32:007][qtp2042120257-23][com.jflyfox.modules.admin.folder.FolderService-initMenuKey] ####目录Key初始化......
19358144 [17/07/04 16:25:33:048][qtp2042120257-21][com.jflyfox.modules.admin.folder.FolderService-initMenuKey] ####目录Key初始化......
19959179 [17/07/04 16:35:34:083][qtp2042120257-26][com.jflyfox.modules.admin.folder.FolderService-initMenuKey] ####目录Key初始化......
20560214 [17/07/04 16:45:35:118][qtp2042120257-21][com.jflyfox.modules.admin.folder.FolderService-initMenuKey] ####目录Key初始化......
21161251 [17/07/04 16:55:36:155][qtp2042120257-21][com.jflyfox.modules.admin.folder.FolderService-initMenuKey] ####目录Key初始化......
21762288 [17/07/04 17:05:37:192][qtp2042120257-23][com.jflyfox.modules.admin.folder.FolderService-initMenuKey] ####目录Key初始化......
22363325 [17/07/04 17:15:38:229][qtp2042120257-21][com.jflyfox.modules.admin.folder.FolderService-initMenuKey] ####目录Key初始化......
22964363 [17/07/04 17:25:39:267][qtp2042120257-23][com.jflyfox.modules.admin.folder.FolderService-initMenuKey] ####目录Key初始化......
