0 [17/06/27 09:58:20:705][main][com.mchange.v2.log.MLog-<clinit>] MLog clients using log4j logging.
265 [17/06/27 09:58:20:970][main][com.mchange.v2.c3p0.C3P0Registry-banner] Initializing c3p0-0.9.1.2 [built 21-May-2007 15:04:56; debug? true; trace: 10]
405 [17/06/27 09:58:21:110][main][com.mchange.v2.c3p0.impl.AbstractPoolBackedDataSource-getPoolManager] Initializing c3p0 pool... com.mchange.v2.c3p0.ComboPooledDataSource [ acquireIncrement -> 2, acquireRetryAttempts -> 30, acquireRetryDelay -> 1000, autoCommitOnClose -> false, automaticTestTable -> null, breakAfterAcquireFailure -> false, checkoutTimeout -> 0, connectionCustomizerClassName -> null, connectionTesterClassName -> com.mchange.v2.c3p0.impl.DefaultConnectionTester, dataSourceName -> 1hgeieq9o1s63m8f1whwr1a|2cdcedef, debugUnreturnedConnectionStackTraces -> false, description -> null, driverClass -> com.mysql.jdbc.Driver, factoryClassLocation -> null, forceIgnoreUnresolvedTransactions -> false, identityToken -> 1hgeieq9o1s63m8f1whwr1a|2cdcedef, idleConnectionTestPeriod -> 0, initialPoolSize -> 10, jdbcUrl -> jdbc:mysql://127.0.0.1:3306/jfinal_cms?characterEncoding=UTF-8&zeroDateTimeBehavior=convertToNull, maxAdministrativeTaskTime -> 0, maxConnectionAge -> 0, maxIdleTime -> 20, maxIdleTimeExcessConnections -> 0, maxPoolSize -> 100, maxStatements -> 0, maxStatementsPerConnection -> 0, minPoolSize -> 10, numHelperThreads -> 3, numThreadsAwaitingCheckoutDefaultUser -> 0, preferredTestQuery -> null, properties -> {user=******, password=******}, propertyCycle -> 0, testConnectionOnCheckin -> false, testConnectionOnCheckout -> false, unreturnedConnectionTimeout -> 0, usesTraditionalReflectiveProxies -> false ]
1232 [17/06/27 09:58:21:937][main][com.jflyfox.component.util.JFlyFoxCache-init] ####缓存初始化开始......
1263 [17/06/27 09:58:21:968][main][com.jflyfox.system.dict.DictCache-init] ####数据字典Cache初始化......
1373 [17/06/27 09:58:22:078][main][com.jflyfox.system.user.UserCache-init] ####用户Cache初始化......
1389 [17/06/27 09:58:22:094][main][com.jflyfox.system.config.ConfigCache-init] ####参数配置Cache初始化......
1389 [17/06/27 09:58:22:094][main][com.jflyfox.modules.admin.pageview.PageViewCache-init] ####PageViewCache初始化......
1389 [17/06/27 09:58:22:094][main][com.jflyfox.modules.admin.friendlylink.FriendlylinkCache-init] ####FriendlylinkCache初始化......
1405 [17/06/27 09:58:22:110][main][com.jflyfox.modules.admin.folder.FolderService-initMenuKey] ####目录Key初始化......
1405 [17/06/27 09:58:22:110][main][com.jflyfox.system.log.SysLog-init] ####日志配置初始化......
1405 [17/06/27 09:58:22:110][main][com.jflyfox.component.util.JFlyFoxCache-init] ####缓存初始化结束......
5182 [17/06/27 09:58:25:887][qtp1133288103-27][com.jflyfox.system.user.UserInterceptor-intercept] ####非法的请求
270174 [17/06/27 10:02:50:879][qtp1133288103-28][com.jflyfox.system.user.UserInterceptor-intercept] ####非法的请求
271523 [17/06/27 10:02:52:228][qtp1133288103-30][com.jflyfox.system.user.UserInterceptor-intercept] ####非法的请求
272245 [17/06/27 10:02:52:950][qtp1133288103-30][com.jflyfox.system.user.UserInterceptor-intercept] ####非法的请求
272771 [17/06/27 10:02:53:476][qtp1133288103-32][com.jflyfox.system.user.UserInterceptor-intercept] ####非法的请求
273200 [17/06/27 10:02:53:905][qtp1133288103-27][com.jflyfox.system.user.UserInterceptor-intercept] ####非法的请求
273615 [17/06/27 10:02:54:320][qtp1133288103-33][com.jflyfox.system.user.UserInterceptor-intercept] ####非法的请求
273673 [17/06/27 10:02:54:378][qtp1133288103-27][com.jflyfox.system.user.UserInterceptor-intercept] ####非法的请求
274063 [17/06/27 10:02:54:768][qtp1133288103-28][com.jflyfox.system.user.UserInterceptor-intercept] ####非法的请求
274274 [17/06/27 10:02:54:979][qtp1133288103-31][com.jflyfox.system.user.UserInterceptor-intercept] ####非法的请求
274476 [17/06/27 10:02:55:181][qtp1133288103-27][com.jflyfox.system.user.UserInterceptor-intercept] ####非法的请求
277245 [17/06/27 10:02:57:950][qtp1133288103-28][com.jflyfox.system.user.UserInterceptor-intercept] ####非法的请求
278243 [17/06/27 10:02:58:948][qtp1133288103-33][com.jflyfox.system.user.UserInterceptor-intercept] ####非法的请求
278850 [17/06/27 10:02:59:555][qtp1133288103-31][com.jflyfox.system.user.UserInterceptor-intercept] ####非法的请求
279365 [17/06/27 10:03:00:070][qtp1133288103-30][com.jflyfox.system.user.UserInterceptor-intercept] ####非法的请求
279725 [17/06/27 10:03:00:430][qtp1133288103-32][com.jflyfox.system.user.UserInterceptor-intercept] ####非法的请求
279987 [17/06/27 10:03:00:692][qtp1133288103-28][com.jflyfox.system.user.UserInterceptor-intercept] ####非法的请求
280215 [17/06/27 10:03:00:920][qtp1133288103-27][com.jflyfox.system.user.UserInterceptor-intercept] ####非法的请求
280424 [17/06/27 10:03:01:129][qtp1133288103-32][com.jflyfox.system.user.UserInterceptor-intercept] ####非法的请求
288814 [17/06/27 10:03:09:519][qtp1133288103-28][com.jflyfox.system.user.UserInterceptor-intercept] ####非法的请求
289902 [17/06/27 10:03:10:607][qtp1133288103-28][com.jflyfox.system.user.UserInterceptor-intercept] ####非法的请求
290638 [17/06/27 10:03:11:343][qtp1133288103-27][com.jflyfox.system.user.UserInterceptor-intercept] ####非法的请求
456853 [17/06/27 10:05:57:558][qtp1133288103-31][com.jflyfox.modules.admin.folder.FolderService-initMenuKey] ####目录Key初始化......
456853 [17/06/27 10:05:57:558][qtp1133288103-31][com.jflyfox.system.user.UserInterceptor-intercept] ####非法的请求
458027 [17/06/27 10:05:58:732][qtp1133288103-31][com.jflyfox.system.user.UserInterceptor-intercept] ####非法的请求
458603 [17/06/27 10:05:59:308][qtp1133288103-30][com.jflyfox.system.user.UserInterceptor-intercept] ####非法的请求
458977 [17/06/27 10:05:59:682][qtp1133288103-33][com.jflyfox.system.user.UserInterceptor-intercept] ####非法的请求
459266 [17/06/27 10:05:59:971][qtp1133288103-27][com.jflyfox.system.user.UserInterceptor-intercept] ####非法的请求
459676 [17/06/27 10:06:00:381][qtp1133288103-32][com.jflyfox.system.user.UserInterceptor-intercept] ####非法的请求
459955 [17/06/27 10:06:00:660][qtp1133288103-31][com.jflyfox.system.user.UserInterceptor-intercept] ####非法的请求
460135 [17/06/27 10:06:00:840][qtp1133288103-33][com.jflyfox.system.user.UserInterceptor-intercept] ####非法的请求
460407 [17/06/27 10:06:01:112][qtp1133288103-27][com.jflyfox.system.user.UserInterceptor-intercept] ####非法的请求
460661 [17/06/27 10:06:01:366][qtp1133288103-32][com.jflyfox.system.user.UserInterceptor-intercept] ####非法的请求
460879 [17/06/27 10:06:01:584][qtp1133288103-30][com.jflyfox.system.user.UserInterceptor-intercept] ####非法的请求
461382 [17/06/27 10:06:02:087][qtp1133288103-33][com.jflyfox.system.user.UserInterceptor-intercept] ####非法的请求
912142 [17/06/27 10:13:32:847][qtp1133288103-31][com.jflyfox.modules.admin.folder.FolderService-initMenuKey] ####目录Key初始化......
912158 [17/06/27 10:13:32:863][qtp1133288103-31][com.jflyfox.system.user.UserInterceptor-intercept] ####非法的请求
913221 [17/06/27 10:13:33:926][qtp1133288103-27][com.jflyfox.system.user.UserInterceptor-intercept] ####非法的请求
913660 [17/06/27 10:13:34:365][qtp1133288103-31][com.jflyfox.system.user.UserInterceptor-intercept] ####非法的请求
913935 [17/06/27 10:13:34:640][qtp1133288103-30][com.jflyfox.system.user.UserInterceptor-intercept] ####非法的请求
914174 [17/06/27 10:13:34:879][qtp1133288103-32][com.jflyfox.system.user.UserInterceptor-intercept] ####非法的请求
914414 [17/06/27 10:13:35:119][qtp1133288103-33][com.jflyfox.system.user.UserInterceptor-intercept] ####非法的请求
914571 [17/06/27 10:13:35:276][qtp1133288103-31][com.jflyfox.system.user.UserInterceptor-intercept] ####非法的请求
914818 [17/06/27 10:13:35:523][qtp1133288103-28][com.jflyfox.system.user.UserInterceptor-intercept] ####非法的请求
914908 [17/06/27 10:13:35:613][qtp1133288103-30][com.jflyfox.system.user.UserInterceptor-intercept] ####非法的请求
915118 [17/06/27 10:13:35:823][qtp1133288103-28][com.jflyfox.system.user.UserInterceptor-intercept] ####非法的请求
915328 [17/06/27 10:13:36:033][qtp1133288103-33][com.jflyfox.system.user.UserInterceptor-intercept] ####非法的请求
915473 [17/06/27 10:13:36:178][qtp1133288103-27][com.jflyfox.system.user.UserInterceptor-intercept] ####非法的请求
919673 [17/06/27 10:13:40:378][qtp1133288103-30][com.jflyfox.system.user.UserInterceptor-intercept] ####非法的请求
920328 [17/06/27 10:13:41:033][qtp1133288103-30][com.jflyfox.system.user.UserInterceptor-intercept] ####非法的请求
920751 [17/06/27 10:13:41:456][qtp1133288103-32][com.jflyfox.system.user.UserInterceptor-intercept] ####非法的请求
921119 [17/06/27 10:13:41:824][qtp1133288103-28][com.jflyfox.system.user.UserInterceptor-intercept] ####非法的请求
921383 [17/06/27 10:13:42:088][qtp1133288103-33][com.jflyfox.system.user.UserInterceptor-intercept] ####非法的请求
921641 [17/06/27 10:13:42:346][qtp1133288103-30][com.jflyfox.system.user.UserInterceptor-intercept] ####非法的请求
921870 [17/06/27 10:13:42:575][qtp1133288103-27][com.jflyfox.system.user.UserInterceptor-intercept] ####非法的请求
922139 [17/06/27 10:13:42:844][qtp1133288103-32][com.jflyfox.system.user.UserInterceptor-intercept] ####非法的请求
922343 [17/06/27 10:13:43:048][qtp1133288103-33][com.jflyfox.system.user.UserInterceptor-intercept] ####非法的请求
922579 [17/06/27 10:13:43:284][qtp1133288103-31][com.jflyfox.system.user.UserInterceptor-intercept] ####非法的请求
922807 [17/06/27 10:13:43:512][qtp1133288103-32][com.jflyfox.system.user.UserInterceptor-intercept] ####非法的请求
923045 [17/06/27 10:13:43:750][qtp1133288103-27][com.jflyfox.system.user.UserInterceptor-intercept] ####非法的请求
923249 [17/06/27 10:13:43:954][qtp1133288103-31][com.jflyfox.system.user.UserInterceptor-intercept] ####非法的请求
923489 [17/06/27 10:13:44:194][qtp1133288103-32][com.jflyfox.system.user.UserInterceptor-intercept] ####非法的请求
926328 [17/06/27 10:13:47:033][qtp1133288103-31][com.jflyfox.system.user.UserInterceptor-intercept] ####非法的请求
926927 [17/06/27 10:13:47:632][qtp1133288103-30][com.jflyfox.system.user.UserInterceptor-intercept] ####非法的请求
927443 [17/06/27 10:13:48:148][qtp1133288103-27][com.jflyfox.system.user.UserInterceptor-intercept] ####非法的请求
927898 [17/06/27 10:13:48:603][qtp1133288103-33][com.jflyfox.system.user.UserInterceptor-intercept] ####非法的请求
928160 [17/06/27 10:13:48:865][qtp1133288103-31][com.jflyfox.system.user.UserInterceptor-intercept] ####非法的请求
928518 [17/06/27 10:13:49:223][qtp1133288103-30][com.jflyfox.system.user.UserInterceptor-intercept] ####非法的请求
928811 [17/06/27 10:13:49:516][qtp1133288103-28][com.jflyfox.system.user.UserInterceptor-intercept] ####非法的请求
1115353 [17/06/27 10:16:56:058][qtp1133288103-28][com.jflyfox.system.user.UserInterceptor-intercept] ####非法的请求
1115792 [17/06/27 10:16:56:497][qtp1133288103-27][com.jflyfox.system.user.UserInterceptor-intercept] ####非法的请求
1116138 [17/06/27 10:16:56:843][qtp1133288103-33][com.jflyfox.system.user.UserInterceptor-intercept] ####非法的请求
1116445 [17/06/27 10:16:57:150][qtp1133288103-30][com.jflyfox.system.user.UserInterceptor-intercept] ####非法的请求
1116652 [17/06/27 10:16:57:357][qtp1133288103-32][com.jflyfox.system.user.UserInterceptor-intercept] ####非法的请求
1116807 [17/06/27 10:16:57:512][qtp1133288103-33][com.jflyfox.system.user.UserInterceptor-intercept] ####非法的请求
1116941 [17/06/27 10:16:57:646][qtp1133288103-32][com.jflyfox.system.user.UserInterceptor-intercept] ####非法的请求
1117129 [17/06/27 10:16:57:834][qtp1133288103-27][com.jflyfox.system.user.UserInterceptor-intercept] ####非法的请求
1117308 [17/06/27 10:16:58:013][qtp1133288103-31][com.jflyfox.system.user.UserInterceptor-intercept] ####非法的请求
1117419 [17/06/27 10:16:58:124][qtp1133288103-30][com.jflyfox.system.user.UserInterceptor-intercept] ####非法的请求
1117604 [17/06/27 10:16:58:309][qtp1133288103-28][com.jflyfox.system.user.UserInterceptor-intercept] ####非法的请求
1117826 [17/06/27 10:16:58:531][qtp1133288103-27][com.jflyfox.system.user.UserInterceptor-intercept] ####非法的请求
1118029 [17/06/27 10:16:58:734][qtp1133288103-30][com.jflyfox.system.user.UserInterceptor-intercept] ####非法的请求
1118189 [17/06/27 10:16:58:894][qtp1133288103-31][com.jflyfox.system.user.UserInterceptor-intercept] ####非法的请求
1118419 [17/06/27 10:16:59:124][qtp1133288103-32][com.jflyfox.system.user.UserInterceptor-intercept] ####非法的请求
1118505 [17/06/27 10:16:59:210][qtp1133288103-31][com.jflyfox.system.user.UserInterceptor-intercept] ####非法的请求
1118693 [17/06/27 10:16:59:398][qtp1133288103-27][com.jflyfox.system.user.UserInterceptor-intercept] ####非法的请求
1118905 [17/06/27 10:16:59:610][qtp1133288103-30][com.jflyfox.system.user.UserInterceptor-intercept] ####非法的请求
1119123 [17/06/27 10:16:59:828][qtp1133288103-27][com.jflyfox.system.user.UserInterceptor-intercept] ####非法的请求
1119371 [17/06/27 10:17:00:076][qtp1133288103-30][com.jflyfox.system.user.UserInterceptor-intercept] ####非法的请求
1119863 [17/06/27 10:17:00:568][qtp1133288103-28][com.jflyfox.system.user.UserInterceptor-intercept] ####非法的请求
1121038 [17/06/27 10:17:01:743][qtp1133288103-28][com.jflyfox.system.user.UserInterceptor-intercept] ####非法的请求
1121273 [17/06/27 10:17:01:978][qtp1133288103-32][com.jflyfox.system.user.UserInterceptor-intercept] ####非法的请求
1121487 [17/06/27 10:17:02:192][qtp1133288103-27][com.jflyfox.system.user.UserInterceptor-intercept] ####非法的请求
1121759 [17/06/27 10:17:02:464][qtp1133288103-30][com.jflyfox.system.user.UserInterceptor-intercept] ####非法的请求
1121784 [17/06/27 10:17:02:489][qtp1133288103-27][com.jflyfox.system.user.UserInterceptor-intercept] ####非法的请求
0 [17/06/27 10:18:06:296][main][com.mchange.v2.log.MLog-<clinit>] MLog clients using log4j logging.
238 [17/06/27 10:18:06:534][main][com.mchange.v2.c3p0.C3P0Registry-banner] Initializing c3p0-0.9.1.2 [built 21-May-2007 15:04:56; debug? true; trace: 10]
351 [17/06/27 10:18:06:647][main][com.mchange.v2.c3p0.impl.AbstractPoolBackedDataSource-getPoolManager] Initializing c3p0 pool... com.mchange.v2.c3p0.ComboPooledDataSource [ acquireIncrement -> 2, acquireRetryAttempts -> 30, acquireRetryDelay -> 1000, autoCommitOnClose -> false, automaticTestTable -> null, breakAfterAcquireFailure -> false, checkoutTimeout -> 0, connectionCustomizerClassName -> null, connectionTesterClassName -> com.mchange.v2.c3p0.impl.DefaultConnectionTester, dataSourceName -> 1hgeieq9o1s6t11318gyxv1|4425b6ed, debugUnreturnedConnectionStackTraces -> false, description -> null, driverClass -> com.mysql.jdbc.Driver, factoryClassLocation -> null, forceIgnoreUnresolvedTransactions -> false, identityToken -> 1hgeieq9o1s6t11318gyxv1|4425b6ed, idleConnectionTestPeriod -> 0, initialPoolSize -> 10, jdbcUrl -> jdbc:mysql://127.0.0.1:3306/jfinal_cms?characterEncoding=UTF-8&zeroDateTimeBehavior=convertToNull, maxAdministrativeTaskTime -> 0, maxConnectionAge -> 0, maxIdleTime -> 20, maxIdleTimeExcessConnections -> 0, maxPoolSize -> 100, maxStatements -> 0, maxStatementsPerConnection -> 0, minPoolSize -> 10, numHelperThreads -> 3, numThreadsAwaitingCheckoutDefaultUser -> 0, preferredTestQuery -> null, properties -> {user=******, password=******}, propertyCycle -> 0, testConnectionOnCheckin -> false, testConnectionOnCheckout -> false, unreturnedConnectionTimeout -> 0, usesTraditionalReflectiveProxies -> false ]
774 [17/06/27 10:18:07:070][main][com.jflyfox.component.util.JFlyFoxCache-init] ####缓存初始化开始......
790 [17/06/27 10:18:07:086][main][com.jflyfox.system.dict.DictCache-init] ####数据字典Cache初始化......
806 [17/06/27 10:18:07:102][main][com.jflyfox.system.user.UserCache-init] ####用户Cache初始化......
806 [17/06/27 10:18:07:102][main][com.jflyfox.system.config.ConfigCache-init] ####参数配置Cache初始化......
822 [17/06/27 10:18:07:118][main][com.jflyfox.modules.admin.pageview.PageViewCache-init] ####PageViewCache初始化......
822 [17/06/27 10:18:07:118][main][com.jflyfox.modules.admin.friendlylink.FriendlylinkCache-init] ####FriendlylinkCache初始化......
837 [17/06/27 10:18:07:133][main][com.jflyfox.modules.admin.folder.FolderService-initMenuKey] ####目录Key初始化......
837 [17/06/27 10:18:07:133][main][com.jflyfox.system.log.SysLog-init] ####日志配置初始化......
837 [17/06/27 10:18:07:133][main][com.jflyfox.component.util.JFlyFoxCache-init] ####缓存初始化结束......
4751 [17/06/27 10:18:11:047][qtp1241182310-22][com.jflyfox.system.user.UserInterceptor-intercept] ####非法的请求
7070 [17/06/27 10:18:13:366][qtp1241182310-22][com.jflyfox.system.user.UserInterceptor-intercept] ####非法的请求
8193 [17/06/27 10:18:14:489][qtp1241182310-27][com.jflyfox.system.user.UserInterceptor-intercept] ####非法的请求
0 [17/06/27 10:18:53:744][main][com.mchange.v2.log.MLog-<clinit>] MLog clients using log4j logging.
219 [17/06/27 10:18:53:963][main][com.mchange.v2.c3p0.C3P0Registry-banner] Initializing c3p0-0.9.1.2 [built 21-May-2007 15:04:56; debug? true; trace: 10]
312 [17/06/27 10:18:54:056][main][com.mchange.v2.c3p0.impl.AbstractPoolBackedDataSource-getPoolManager] Initializing c3p0 pool... com.mchange.v2.c3p0.ComboPooledDataSource [ acquireIncrement -> 2, acquireRetryAttempts -> 30, acquireRetryDelay -> 1000, autoCommitOnClose -> false, automaticTestTable -> null, breakAfterAcquireFailure -> false, checkoutTimeout -> 0, connectionCustomizerClassName -> null, connectionTesterClassName -> com.mchange.v2.c3p0.impl.DefaultConnectionTester, dataSourceName -> 1hgeieq9o1s6u1moknyea9|252d2ac0, debugUnreturnedConnectionStackTraces -> false, description -> null, driverClass -> com.mysql.jdbc.Driver, factoryClassLocation -> null, forceIgnoreUnresolvedTransactions -> false, identityToken -> 1hgeieq9o1s6u1moknyea9|252d2ac0, idleConnectionTestPeriod -> 0, initialPoolSize -> 10, jdbcUrl -> jdbc:mysql://127.0.0.1:3306/jfinal_cms?characterEncoding=UTF-8&zeroDateTimeBehavior=convertToNull, maxAdministrativeTaskTime -> 0, maxConnectionAge -> 0, maxIdleTime -> 20, maxIdleTimeExcessConnections -> 0, maxPoolSize -> 100, maxStatements -> 0, maxStatementsPerConnection -> 0, minPoolSize -> 10, numHelperThreads -> 3, numThreadsAwaitingCheckoutDefaultUser -> 0, preferredTestQuery -> null, properties -> {user=******, password=******}, propertyCycle -> 0, testConnectionOnCheckin -> false, testConnectionOnCheckout -> false, unreturnedConnectionTimeout -> 0, usesTraditionalReflectiveProxies -> false ]
730 [17/06/27 10:18:54:474][main][com.jflyfox.component.util.JFlyFoxCache-init] ####缓存初始化开始......
745 [17/06/27 10:18:54:489][main][com.jflyfox.system.dict.DictCache-init] ####数据字典Cache初始化......
761 [17/06/27 10:18:54:505][main][com.jflyfox.system.user.UserCache-init] ####用户Cache初始化......
779 [17/06/27 10:18:54:523][main][com.jflyfox.system.config.ConfigCache-init] ####参数配置Cache初始化......
806 [17/06/27 10:18:54:550][main][com.jflyfox.modules.admin.pageview.PageViewCache-init] ####PageViewCache初始化......
811 [17/06/27 10:18:54:555][main][com.jflyfox.modules.admin.friendlylink.FriendlylinkCache-init] ####FriendlylinkCache初始化......
878 [17/06/27 10:18:54:622][main][com.jflyfox.modules.admin.folder.FolderService-initMenuKey] ####目录Key初始化......
955 [17/06/27 10:18:54:699][main][com.jflyfox.system.log.SysLog-init] ####日志配置初始化......
957 [17/06/27 10:18:54:701][main][com.jflyfox.component.util.JFlyFoxCache-init] ####缓存初始化结束......
13387 [17/06/27 10:19:07:131][qtp1002406942-26][com.jflyfox.system.user.UserInterceptor-intercept] ####非法的请求
145597 [17/06/27 10:21:19:341][qtp1002406942-23][com.jflyfox.system.user.UserInterceptor-intercept] ####非法的请求
146551 [17/06/27 10:21:20:295][qtp1002406942-23][com.jflyfox.system.user.UserInterceptor-intercept] ####非法的请求
147136 [17/06/27 10:21:20:880][qtp1002406942-24][com.jflyfox.system.user.UserInterceptor-intercept] ####非法的请求
147511 [17/06/27 10:21:21:255][qtp1002406942-28][com.jflyfox.system.user.UserInterceptor-intercept] ####非法的请求
147795 [17/06/27 10:21:21:539][qtp1002406942-26][com.jflyfox.system.user.UserInterceptor-intercept] ####非法的请求
148002 [17/06/27 10:21:21:746][qtp1002406942-28][com.jflyfox.system.user.UserInterceptor-intercept] ####非法的请求
0 [17/06/27 10:21:56:378][main][com.mchange.v2.log.MLog-<clinit>] MLog clients using log4j logging.
262 [17/06/27 10:21:56:640][main][com.mchange.v2.c3p0.C3P0Registry-banner] Initializing c3p0-0.9.1.2 [built 21-May-2007 15:04:56; debug? true; trace: 10]
394 [17/06/27 10:21:56:772][main][com.mchange.v2.c3p0.impl.AbstractPoolBackedDataSource-getPoolManager] Initializing c3p0 pool... com.mchange.v2.c3p0.ComboPooledDataSource [ acquireIncrement -> 2, acquireRetryAttempts -> 30, acquireRetryDelay -> 1000, autoCommitOnClose -> false, automaticTestTable -> null, breakAfterAcquireFailure -> false, checkoutTimeout -> 0, connectionCustomizerClassName -> null, connectionTesterClassName -> com.mchange.v2.c3p0.impl.DefaultConnectionTester, dataSourceName -> 1hgeieq9o1s6xyjuv52hfq|315365ef, debugUnreturnedConnectionStackTraces -> false, description -> null, driverClass -> com.mysql.jdbc.Driver, factoryClassLocation -> null, forceIgnoreUnresolvedTransactions -> false, identityToken -> 1hgeieq9o1s6xyjuv52hfq|315365ef, idleConnectionTestPeriod -> 0, initialPoolSize -> 10, jdbcUrl -> jdbc:mysql://127.0.0.1:3306/jfinal_cms?characterEncoding=UTF-8&zeroDateTimeBehavior=convertToNull, maxAdministrativeTaskTime -> 0, maxConnectionAge -> 0, maxIdleTime -> 20, maxIdleTimeExcessConnections -> 0, maxPoolSize -> 100, maxStatements -> 0, maxStatementsPerConnection -> 0, minPoolSize -> 10, numHelperThreads -> 3, numThreadsAwaitingCheckoutDefaultUser -> 0, preferredTestQuery -> null, properties -> {user=******, password=******}, propertyCycle -> 0, testConnectionOnCheckin -> false, testConnectionOnCheckout -> false, unreturnedConnectionTimeout -> 0, usesTraditionalReflectiveProxies -> false ]
808 [17/06/27 10:21:57:186][main][com.jflyfox.component.util.JFlyFoxCache-init] ####缓存初始化开始......
840 [17/06/27 10:21:57:218][main][com.jflyfox.system.dict.DictCache-init] ####数据字典Cache初始化......
840 [17/06/27 10:21:57:218][main][com.jflyfox.system.user.UserCache-init] ####用户Cache初始化......
840 [17/06/27 10:21:57:218][main][com.jflyfox.system.config.ConfigCache-init] ####参数配置Cache初始化......
856 [17/06/27 10:21:57:234][main][com.jflyfox.modules.admin.pageview.PageViewCache-init] ####PageViewCache初始化......
856 [17/06/27 10:21:57:234][main][com.jflyfox.modules.admin.friendlylink.FriendlylinkCache-init] ####FriendlylinkCache初始化......
856 [17/06/27 10:21:57:234][main][com.jflyfox.modules.admin.folder.FolderService-initMenuKey] ####目录Key初始化......
871 [17/06/27 10:21:57:249][main][com.jflyfox.system.log.SysLog-init] ####日志配置初始化......
871 [17/06/27 10:21:57:249][main][com.jflyfox.component.util.JFlyFoxCache-init] ####缓存初始化结束......
7222 [17/06/27 10:22:03:600][qtp1163664780-28][com.jflyfox.system.user.UserInterceptor-intercept] ####非法的请求
608725 [17/06/27 10:32:05:103][qtp1163664780-23][com.jflyfox.modules.admin.folder.FolderService-initMenuKey] ####目录Key初始化......
1 [17/06/27 10:33:51:497][main][com.mchange.v2.log.MLog-<clinit>] MLog clients using log4j logging.
293 [17/06/27 10:33:51:789][main][com.mchange.v2.c3p0.C3P0Registry-banner] Initializing c3p0-0.9.1.2 [built 21-May-2007 15:04:56; debug? true; trace: 10]
537 [17/06/27 10:33:52:033][main][com.mchange.v2.c3p0.impl.AbstractPoolBackedDataSource-getPoolManager] Initializing c3p0 pool... com.mchange.v2.c3p0.ComboPooledDataSource [ acquireIncrement -> 2, acquireRetryAttempts -> 30, acquireRetryDelay -> 1000, autoCommitOnClose -> false, automaticTestTable -> null, breakAfterAcquireFailure -> false, checkoutTimeout -> 0, connectionCustomizerClassName -> null, connectionTesterClassName -> com.mchange.v2.c3p0.impl.DefaultConnectionTester, dataSourceName -> 1hgeieq9o1s7dacm1ssdeu9|67afc9b6, debugUnreturnedConnectionStackTraces -> false, description -> null, driverClass -> com.mysql.jdbc.Driver, factoryClassLocation -> null, forceIgnoreUnresolvedTransactions -> false, identityToken -> 1hgeieq9o1s7dacm1ssdeu9|67afc9b6, idleConnectionTestPeriod -> 0, initialPoolSize -> 10, jdbcUrl -> jdbc:mysql://127.0.0.1:3306/jfinal_cms?characterEncoding=UTF-8&zeroDateTimeBehavior=convertToNull, maxAdministrativeTaskTime -> 0, maxConnectionAge -> 0, maxIdleTime -> 20, maxIdleTimeExcessConnections -> 0, maxPoolSize -> 100, maxStatements -> 0, maxStatementsPerConnection -> 0, minPoolSize -> 10, numHelperThreads -> 3, numThreadsAwaitingCheckoutDefaultUser -> 0, preferredTestQuery -> null, properties -> {user=******, password=******}, propertyCycle -> 0, testConnectionOnCheckin -> false, testConnectionOnCheckout -> false, unreturnedConnectionTimeout -> 0, usesTraditionalReflectiveProxies -> false ]
1136 [17/06/27 10:33:52:632][main][com.jflyfox.component.util.JFlyFoxCache-init] ####缓存初始化开始......
1164 [17/06/27 10:33:52:660][main][com.jflyfox.system.dict.DictCache-init] ####数据字典Cache初始化......
1183 [17/06/27 10:33:52:679][main][com.jflyfox.system.user.UserCache-init] ####用户Cache初始化......
1194 [17/06/27 10:33:52:690][main][com.jflyfox.system.config.ConfigCache-init] ####参数配置Cache初始化......
1211 [17/06/27 10:33:52:707][main][com.jflyfox.modules.admin.pageview.PageViewCache-init] ####PageViewCache初始化......
1213 [17/06/27 10:33:52:709][main][com.jflyfox.modules.admin.friendlylink.FriendlylinkCache-init] ####FriendlylinkCache初始化......
1232 [17/06/27 10:33:52:728][main][com.jflyfox.modules.admin.folder.FolderService-initMenuKey] ####目录Key初始化......
1240 [17/06/27 10:33:52:736][main][com.jflyfox.system.log.SysLog-init] ####日志配置初始化......
1250 [17/06/27 10:33:52:746][main][com.jflyfox.component.util.JFlyFoxCache-init] ####缓存初始化结束......
48886 [17/06/27 10:34:40:382][qtp1507604180-24][com.jflyfox.system.user.UserInterceptor-intercept] ####非法的请求
0 [17/06/27 10:40:59:707][main][com.mchange.v2.log.MLog-<clinit>] MLog clients using log4j logging.
535 [17/06/27 10:41:00:242][main][com.mchange.v2.c3p0.C3P0Registry-banner] Initializing c3p0-0.9.1.2 [built 21-May-2007 15:04:56; debug? true; trace: 10]
656 [17/06/27 10:41:00:363][main][com.mchange.v2.c3p0.impl.AbstractPoolBackedDataSource-getPoolManager] Initializing c3p0 pool... com.mchange.v2.c3p0.ComboPooledDataSource [ acquireIncrement -> 2, acquireRetryAttempts -> 30, acquireRetryDelay -> 1000, autoCommitOnClose -> false, automaticTestTable -> null, breakAfterAcquireFailure -> false, checkoutTimeout -> 0, connectionCustomizerClassName -> null, connectionTesterClassName -> com.mchange.v2.c3p0.impl.DefaultConnectionTester, dataSourceName -> 1hgeieq9o1s7mgr6xl4hc4|1f27f354, debugUnreturnedConnectionStackTraces -> false, description -> null, driverClass -> com.mysql.jdbc.Driver, factoryClassLocation -> null, forceIgnoreUnresolvedTransactions -> false, identityToken -> 1hgeieq9o1s7mgr6xl4hc4|1f27f354, idleConnectionTestPeriod -> 0, initialPoolSize -> 10, jdbcUrl -> jdbc:mysql://127.0.0.1:3306/jfinal_cms?characterEncoding=UTF-8&zeroDateTimeBehavior=convertToNull, maxAdministrativeTaskTime -> 0, maxConnectionAge -> 0, maxIdleTime -> 20, maxIdleTimeExcessConnections -> 0, maxPoolSize -> 100, maxStatements -> 0, maxStatementsPerConnection -> 0, minPoolSize -> 10, numHelperThreads -> 3, numThreadsAwaitingCheckoutDefaultUser -> 0, preferredTestQuery -> null, properties -> {user=******, password=******}, propertyCycle -> 0, testConnectionOnCheckin -> false, testConnectionOnCheckout -> false, unreturnedConnectionTimeout -> 0, usesTraditionalReflectiveProxies -> false ]
1036 [17/06/27 10:41:00:743][main][com.jflyfox.component.util.JFlyFoxCache-init] ####缓存初始化开始......
1067 [17/06/27 10:41:00:774][main][com.jflyfox.system.dict.DictCache-init] ####数据字典Cache初始化......
1114 [17/06/27 10:41:00:821][main][com.jflyfox.system.user.UserCache-init] ####用户Cache初始化......
1114 [17/06/27 10:41:00:821][main][com.jflyfox.system.config.ConfigCache-init] ####参数配置Cache初始化......
1129 [17/06/27 10:41:00:836][main][com.jflyfox.modules.admin.pageview.PageViewCache-init] ####PageViewCache初始化......
1129 [17/06/27 10:41:00:836][main][com.jflyfox.modules.admin.friendlylink.FriendlylinkCache-init] ####FriendlylinkCache初始化......
1129 [17/06/27 10:41:00:836][main][com.jflyfox.modules.admin.folder.FolderService-initMenuKey] ####目录Key初始化......
1145 [17/06/27 10:41:00:852][main][com.jflyfox.system.log.SysLog-init] ####日志配置初始化......
1145 [17/06/27 10:41:00:852][main][com.jflyfox.component.util.JFlyFoxCache-init] ####缓存初始化结束......
1671 [17/06/27 10:41:01:378][qtp2145040140-24][com.jflyfox.system.user.UserInterceptor-intercept] ####非法的请求
1880 [17/06/27 10:41:01:587][qtp2145040140-26][com.jflyfox.system.user.UserInterceptor-intercept] ####非法的请求
0 [17/06/27 10:45:10:815][main][com.mchange.v2.log.MLog-<clinit>] MLog clients using log4j logging.
281 [17/06/27 10:45:11:096][main][com.mchange.v2.c3p0.C3P0Registry-banner] Initializing c3p0-0.9.1.2 [built 21-May-2007 15:04:56; debug? true; trace: 10]
365 [17/06/27 10:45:11:180][main][com.mchange.v2.c3p0.impl.AbstractPoolBackedDataSource-getPoolManager] Initializing c3p0 pool... com.mchange.v2.c3p0.ComboPooledDataSource [ acquireIncrement -> 2, acquireRetryAttempts -> 30, acquireRetryDelay -> 1000, autoCommitOnClose -> false, automaticTestTable -> null, breakAfterAcquireFailure -> false, checkoutTimeout -> 0, connectionCustomizerClassName -> null, connectionTesterClassName -> com.mchange.v2.c3p0.impl.DefaultConnectionTester, dataSourceName -> 1hgeieq9o1s7ruimfdfjbe|61d150af, debugUnreturnedConnectionStackTraces -> false, description -> null, driverClass -> com.mysql.jdbc.Driver, factoryClassLocation -> null, forceIgnoreUnresolvedTransactions -> false, identityToken -> 1hgeieq9o1s7ruimfdfjbe|61d150af, idleConnectionTestPeriod -> 0, initialPoolSize -> 10, jdbcUrl -> jdbc:mysql://127.0.0.1:3306/jfinal_cms?characterEncoding=UTF-8&zeroDateTimeBehavior=convertToNull, maxAdministrativeTaskTime -> 0, maxConnectionAge -> 0, maxIdleTime -> 20, maxIdleTimeExcessConnections -> 0, maxPoolSize -> 100, maxStatements -> 0, maxStatementsPerConnection -> 0, minPoolSize -> 10, numHelperThreads -> 3, numThreadsAwaitingCheckoutDefaultUser -> 0, preferredTestQuery -> null, properties -> {user=******, password=******}, propertyCycle -> 0, testConnectionOnCheckin -> false, testConnectionOnCheckout -> false, unreturnedConnectionTimeout -> 0, usesTraditionalReflectiveProxies -> false ]
729 [17/06/27 10:45:11:544][main][com.jflyfox.component.util.JFlyFoxCache-init] ####缓存初始化开始......
760 [17/06/27 10:45:11:575][main][com.jflyfox.system.dict.DictCache-init] ####数据字典Cache初始化......
777 [17/06/27 10:45:11:592][main][com.jflyfox.system.user.UserCache-init] ####用户Cache初始化......
777 [17/06/27 10:45:11:592][main][com.jflyfox.system.config.ConfigCache-init] ####参数配置Cache初始化......
777 [17/06/27 10:45:11:592][main][com.jflyfox.modules.admin.pageview.PageViewCache-init] ####PageViewCache初始化......
777 [17/06/27 10:45:11:592][main][com.jflyfox.modules.admin.friendlylink.FriendlylinkCache-init] ####FriendlylinkCache初始化......
792 [17/06/27 10:45:11:607][main][com.jflyfox.modules.admin.folder.FolderService-initMenuKey] ####目录Key初始化......
792 [17/06/27 10:45:11:607][main][com.jflyfox.system.log.SysLog-init] ####日志配置初始化......
792 [17/06/27 10:45:11:607][main][com.jflyfox.component.util.JFlyFoxCache-init] ####缓存初始化结束......
4176 [17/06/27 10:45:14:991][qtp609879567-19][com.jflyfox.system.user.UserInterceptor-intercept] ####非法的请求
0 [17/06/27 11:01:44:377][main][com.mchange.v2.log.MLog-<clinit>] MLog clients using log4j logging.
282 [17/06/27 11:01:44:659][main][com.mchange.v2.c3p0.C3P0Registry-banner] Initializing c3p0-0.9.1.2 [built 21-May-2007 15:04:56; debug? true; trace: 10]
404 [17/06/27 11:01:44:781][main][com.mchange.v2.c3p0.impl.AbstractPoolBackedDataSource-getPoolManager] Initializing c3p0 pool... com.mchange.v2.c3p0.ComboPooledDataSource [ acquireIncrement -> 2, acquireRetryAttempts -> 30, acquireRetryDelay -> 1000, autoCommitOnClose -> false, automaticTestTable -> null, breakAfterAcquireFailure -> false, checkoutTimeout -> 0, connectionCustomizerClassName -> null, connectionTesterClassName -> com.mchange.v2.c3p0.impl.DefaultConnectionTester, dataSourceName -> 1hgeieq9o1s8d55c16wplh6|1f27f354, debugUnreturnedConnectionStackTraces -> false, description -> null, driverClass -> com.mysql.jdbc.Driver, factoryClassLocation -> null, forceIgnoreUnresolvedTransactions -> false, identityToken -> 1hgeieq9o1s8d55c16wplh6|1f27f354, idleConnectionTestPeriod -> 0, initialPoolSize -> 10, jdbcUrl -> jdbc:mysql://127.0.0.1:3306/jfinal_cms?characterEncoding=UTF-8&zeroDateTimeBehavior=convertToNull, maxAdministrativeTaskTime -> 0, maxConnectionAge -> 0, maxIdleTime -> 20, maxIdleTimeExcessConnections -> 0, maxPoolSize -> 100, maxStatements -> 0, maxStatementsPerConnection -> 0, minPoolSize -> 10, numHelperThreads -> 3, numThreadsAwaitingCheckoutDefaultUser -> 0, preferredTestQuery -> null, properties -> {user=******, password=******}, propertyCycle -> 0, testConnectionOnCheckin -> false, testConnectionOnCheckout -> false, unreturnedConnectionTimeout -> 0, usesTraditionalReflectiveProxies -> false ]
889 [17/06/27 11:01:45:266][main][com.jflyfox.component.util.JFlyFoxCache-init] ####缓存初始化开始......
913 [17/06/27 11:01:45:290][main][com.jflyfox.system.dict.DictCache-init] ####数据字典Cache初始化......
932 [17/06/27 11:01:45:309][main][com.jflyfox.system.user.UserCache-init] ####用户Cache初始化......
940 [17/06/27 11:01:45:317][main][com.jflyfox.system.config.ConfigCache-init] ####参数配置Cache初始化......
951 [17/06/27 11:01:45:328][main][com.jflyfox.modules.admin.pageview.PageViewCache-init] ####PageViewCache初始化......
954 [17/06/27 11:01:45:331][main][com.jflyfox.modules.admin.friendlylink.FriendlylinkCache-init] ####FriendlylinkCache初始化......
963 [17/06/27 11:01:45:340][main][com.jflyfox.modules.admin.folder.FolderService-initMenuKey] ####目录Key初始化......
969 [17/06/27 11:01:45:346][main][com.jflyfox.system.log.SysLog-init] ####日志配置初始化......
971 [17/06/27 11:01:45:348][main][com.jflyfox.component.util.JFlyFoxCache-init] ####缓存初始化结束......
6962 [17/06/27 11:01:51:339][qtp2095793272-26][com.jflyfox.system.user.UserInterceptor-intercept] ####非法的请求
0 [17/06/27 11:08:56:205][main][com.mchange.v2.log.MLog-<clinit>] MLog clients using log4j logging.
294 [17/06/27 11:08:56:499][main][com.mchange.v2.c3p0.C3P0Registry-banner] Initializing c3p0-0.9.1.2 [built 21-May-2007 15:04:56; debug? true; trace: 10]
438 [17/06/27 11:08:56:643][main][com.mchange.v2.c3p0.impl.AbstractPoolBackedDataSource-getPoolManager] Initializing c3p0 pool... com.mchange.v2.c3p0.ComboPooledDataSource [ acquireIncrement -> 2, acquireRetryAttempts -> 30, acquireRetryDelay -> 1000, autoCommitOnClose -> false, automaticTestTable -> null, breakAfterAcquireFailure -> false, checkoutTimeout -> 0, connectionCustomizerClassName -> null, connectionTesterClassName -> com.mchange.v2.c3p0.impl.DefaultConnectionTester, dataSourceName -> 1hgeieq9o1s8meddcxdj2n|315365ef, debugUnreturnedConnectionStackTraces -> false, description -> null, driverClass -> com.mysql.jdbc.Driver, factoryClassLocation -> null, forceIgnoreUnresolvedTransactions -> false, identityToken -> 1hgeieq9o1s8meddcxdj2n|315365ef, idleConnectionTestPeriod -> 0, initialPoolSize -> 10, jdbcUrl -> jdbc:mysql://127.0.0.1:3306/jfinal_cms?characterEncoding=UTF-8&zeroDateTimeBehavior=convertToNull, maxAdministrativeTaskTime -> 0, maxConnectionAge -> 0, maxIdleTime -> 20, maxIdleTimeExcessConnections -> 0, maxPoolSize -> 100, maxStatements -> 0, maxStatementsPerConnection -> 0, minPoolSize -> 10, numHelperThreads -> 3, numThreadsAwaitingCheckoutDefaultUser -> 0, preferredTestQuery -> null, properties -> {user=******, password=******}, propertyCycle -> 0, testConnectionOnCheckin -> false, testConnectionOnCheckout -> false, unreturnedConnectionTimeout -> 0, usesTraditionalReflectiveProxies -> false ]
842 [17/06/27 11:08:57:047][main][com.jflyfox.component.util.JFlyFoxCache-init] ####缓存初始化开始......
871 [17/06/27 11:08:57:076][main][com.jflyfox.system.dict.DictCache-init] ####数据字典Cache初始化......
884 [17/06/27 11:08:57:089][main][com.jflyfox.system.user.UserCache-init] ####用户Cache初始化......
900 [17/06/27 11:08:57:105][main][com.jflyfox.system.config.ConfigCache-init] ####参数配置Cache初始化......
909 [17/06/27 11:08:57:114][main][com.jflyfox.modules.admin.pageview.PageViewCache-init] ####PageViewCache初始化......
910 [17/06/27 11:08:57:115][main][com.jflyfox.modules.admin.friendlylink.FriendlylinkCache-init] ####FriendlylinkCache初始化......
919 [17/06/27 11:08:57:124][main][com.jflyfox.modules.admin.folder.FolderService-initMenuKey] ####目录Key初始化......
924 [17/06/27 11:08:57:129][main][com.jflyfox.system.log.SysLog-init] ####日志配置初始化......
926 [17/06/27 11:08:57:131][main][com.jflyfox.component.util.JFlyFoxCache-init] ####缓存初始化结束......
23442 [17/06/27 11:09:19:647][qtp632115057-22][com.jflyfox.system.user.UserInterceptor-intercept] ####非法的请求
624406 [17/06/27 11:19:20:611][qtp632115057-27][com.jflyfox.modules.admin.folder.FolderService-initMenuKey] ####目录Key初始化......
1225075 [17/06/27 11:29:21:280][qtp632115057-26][com.jflyfox.modules.admin.folder.FolderService-initMenuKey] ####目录Key初始化......
1825111 [17/06/27 11:39:21:316][qtp632115057-22][com.jflyfox.modules.admin.folder.FolderService-initMenuKey] ####目录Key初始化......
2425147 [17/06/27 11:49:21:352][qtp632115057-26][com.jflyfox.modules.admin.folder.FolderService-initMenuKey] ####目录Key初始化......
3026179 [17/06/27 11:59:22:384][qtp632115057-22][com.jflyfox.modules.admin.folder.FolderService-initMenuKey] ####目录Key初始化......
3627204 [17/06/27 12:09:23:409][qtp632115057-27][com.jflyfox.modules.admin.folder.FolderService-initMenuKey] ####目录Key初始化......
4227249 [17/06/27 12:19:23:454][qtp632115057-24][com.jflyfox.modules.admin.folder.FolderService-initMenuKey] ####目录Key初始化......
4828269 [17/06/27 12:29:24:474][qtp632115057-28][com.jflyfox.modules.admin.folder.FolderService-initMenuKey] ####目录Key初始化......
5428314 [17/06/27 12:39:24:519][qtp632115057-26][com.jflyfox.modules.admin.folder.FolderService-initMenuKey] ####目录Key初始化......
6029342 [17/06/27 12:49:25:547][qtp632115057-22][com.jflyfox.modules.admin.folder.FolderService-initMenuKey] ####目录Key初始化......
6630370 [17/06/27 12:59:26:575][qtp632115057-24][com.jflyfox.modules.admin.folder.FolderService-initMenuKey] ####目录Key初始化......
7231399 [17/06/27 13:09:27:604][qtp632115057-22][com.jflyfox.modules.admin.folder.FolderService-initMenuKey] ####目录Key初始化......
7832435 [17/06/27 13:19:28:640][qtp632115057-22][com.jflyfox.modules.admin.folder.FolderService-initMenuKey] ####目录Key初始化......
8433463 [17/06/27 13:29:29:668][qtp632115057-24][com.jflyfox.modules.admin.folder.FolderService-initMenuKey] ####目录Key初始化......
9034497 [17/06/27 13:39:30:702][qtp632115057-24][com.jflyfox.modules.admin.folder.FolderService-initMenuKey] ####目录Key初始化......
9635532 [17/06/27 13:49:31:737][qtp632115057-25][com.jflyfox.modules.admin.folder.FolderService-initMenuKey] ####目录Key初始化......
10236560 [17/06/27 13:59:32:765][qtp632115057-24][com.jflyfox.modules.admin.folder.FolderService-initMenuKey] ####目录Key初始化......
10836602 [17/06/27 14:09:32:807][qtp632115057-25][com.jflyfox.modules.admin.folder.FolderService-initMenuKey] ####目录Key初始化......
11437635 [17/06/27 14:19:33:840][qtp632115057-25][com.jflyfox.modules.admin.folder.FolderService-initMenuKey] ####目录Key初始化......
12038658 [17/06/27 14:29:34:863][qtp632115057-26][com.jflyfox.modules.admin.folder.FolderService-initMenuKey] ####目录Key初始化......
12639692 [17/06/27 14:39:35:897][qtp632115057-24][com.jflyfox.modules.admin.folder.FolderService-initMenuKey] ####目录Key初始化......
13240725 [17/06/27 14:49:36:930][qtp632115057-25][com.jflyfox.modules.admin.folder.FolderService-initMenuKey] ####目录Key初始化......
13840763 [17/06/27 14:59:36:968][qtp632115057-24][com.jflyfox.modules.admin.folder.FolderService-initMenuKey] ####目录Key初始化......
14441793 [17/06/27 15:09:37:998][qtp632115057-27][com.jflyfox.modules.admin.folder.FolderService-initMenuKey] ####目录Key初始化......
15042819 [17/06/27 15:19:39:024][qtp632115057-27][com.jflyfox.modules.admin.folder.FolderService-initMenuKey] ####目录Key初始化......
15642859 [17/06/27 15:29:39:064][qtp632115057-27][com.jflyfox.modules.admin.folder.FolderService-initMenuKey] ####目录Key初始化......
16243883 [17/06/27 15:39:40:088][qtp632115057-22][com.jflyfox.modules.admin.folder.FolderService-initMenuKey] ####目录Key初始化......
16843921 [17/06/27 15:49:40:126][qtp632115057-25][com.jflyfox.modules.admin.folder.FolderService-initMenuKey] ####目录Key初始化......
17443957 [17/06/27 15:59:40:162][qtp632115057-27][com.jflyfox.modules.admin.folder.FolderService-initMenuKey] ####目录Key初始化......
18044988 [17/06/27 16:09:41:193][qtp632115057-22][com.jflyfox.modules.admin.folder.FolderService-initMenuKey] ####目录Key初始化......
18646022 [17/06/27 16:19:42:227][qtp632115057-22][com.jflyfox.modules.admin.folder.FolderService-initMenuKey] ####目录Key初始化......
19246056 [17/06/27 16:29:42:261][qtp632115057-27][com.jflyfox.modules.admin.folder.FolderService-initMenuKey] ####目录Key初始化......
19847079 [17/06/27 16:39:43:284][qtp632115057-22][com.jflyfox.modules.admin.folder.FolderService-initMenuKey] ####目录Key初始化......
