0 [17/07/05 14:43:47:588][main][com.mchange.v2.log.MLog-<clinit>] MLog clients using log4j logging.
240 [17/07/05 14:43:47:828][main][com.mchange.v2.c3p0.C3P0Registry-banner] Initializing c3p0-0.9.1.2 [built 21-May-2007 15:04:56; debug? true; trace: 10]
320 [17/07/05 14:43:47:908][main][com.mchange.v2.c3p0.impl.AbstractPoolBackedDataSource-getPoolManager] Initializing c3p0 pool... com.mchange.v2.c3p0.ComboPooledDataSource [ acquireIncrement -> 2, acquireRetryAttempts -> 30, acquireRetryDelay -> 1000, autoCommitOnClose -> false, automaticTestTable -> null, breakAfterAcquireFailure -> false, checkoutTimeout -> 0, connectionCustomizerClassName -> null, connectionTesterClassName -> com.mchange.v2.c3p0.impl.DefaultConnectionTester, dataSourceName -> 1hge1609p4upgrg138zjt8|67afc9b6, debugUnreturnedConnectionStackTraces -> false, description -> null, driverClass -> com.mysql.jdbc.Driver, factoryClassLocation -> null, forceIgnoreUnresolvedTransactions -> false, identityToken -> 1hge1609p4upgrg138zjt8|67afc9b6, idleConnectionTestPeriod -> 0, initialPoolSize -> 10, jdbcUrl -> jdbc:mysql://127.0.0.1:3306/jfinal_cms?characterEncoding=UTF-8&zeroDateTimeBehavior=convertToNull, maxAdministrativeTaskTime -> 0, maxConnectionAge -> 0, maxIdleTime -> 20, maxIdleTimeExcessConnections -> 0, maxPoolSize -> 100, maxStatements -> 0, maxStatementsPerConnection -> 0, minPoolSize -> 10, numHelperThreads -> 3, numThreadsAwaitingCheckoutDefaultUser -> 0, preferredTestQuery -> null, properties -> {user=******, password=******}, propertyCycle -> 0, testConnectionOnCheckin -> false, testConnectionOnCheckout -> false, unreturnedConnectionTimeout -> 0, usesTraditionalReflectiveProxies -> false ]
996 [17/07/05 14:43:48:584][main][com.jflyfox.component.util.JFlyFoxCache-init] ####缓存初始化开始......
1032 [17/07/05 14:43:48:620][main][com.jflyfox.system.dict.DictCache-init] ####数据字典Cache初始化......
1047 [17/07/05 14:43:48:635][main][com.jflyfox.system.user.UserCache-init] ####用户Cache初始化......
1052 [17/07/05 14:43:48:640][main][com.jflyfox.system.config.ConfigCache-init] ####参数配置Cache初始化......
1058 [17/07/05 14:43:48:646][main][com.jflyfox.modules.admin.pageview.PageViewCache-init] ####PageViewCache初始化......
1061 [17/07/05 14:43:48:649][main][com.jflyfox.modules.admin.friendlylink.FriendlylinkCache-init] ####FriendlylinkCache初始化......
1072 [17/07/05 14:43:48:660][main][com.jflyfox.modules.admin.folder.FolderService-initMenuKey] ####目录Key初始化......
1087 [17/07/05 14:43:48:675][main][com.jflyfox.system.log.SysLog-init] ####日志配置初始化......
1091 [17/07/05 14:43:48:679][main][com.jflyfox.component.util.JFlyFoxCache-init] ####缓存初始化结束......
28078 [17/07/05 14:44:15:666][qtp1015539383-26][com.jflyfox.system.user.UserInterceptor-intercept] ####非法的请求
0 [17/07/05 14:55:29:797][main][com.mchange.v2.log.MLog-<clinit>] MLog clients using log4j logging.
318 [17/07/05 14:55:30:115][main][com.mchange.v2.c3p0.C3P0Registry-banner] Initializing c3p0-0.9.1.2 [built 21-May-2007 15:04:56; debug? true; trace: 10]
556 [17/07/05 14:55:30:353][main][com.mchange.v2.c3p0.impl.AbstractPoolBackedDataSource-getPoolManager] Initializing c3p0 pool... com.mchange.v2.c3p0.ComboPooledDataSource [ acquireIncrement -> 2, acquireRetryAttempts -> 30, acquireRetryDelay -> 1000, autoCommitOnClose -> false, automaticTestTable -> null, breakAfterAcquireFailure -> false, checkoutTimeout -> 0, connectionCustomizerClassName -> null, connectionTesterClassName -> com.mchange.v2.c3p0.impl.DefaultConnectionTester, dataSourceName -> 1hge1609p4v4ild9iufr4|7430ed93, debugUnreturnedConnectionStackTraces -> false, description -> null, driverClass -> com.mysql.jdbc.Driver, factoryClassLocation -> null, forceIgnoreUnresolvedTransactions -> false, identityToken -> 1hge1609p4v4ild9iufr4|7430ed93, idleConnectionTestPeriod -> 0, initialPoolSize -> 10, jdbcUrl -> jdbc:mysql://127.0.0.1:3306/jfinal_cms?characterEncoding=UTF-8&zeroDateTimeBehavior=convertToNull, maxAdministrativeTaskTime -> 0, maxConnectionAge -> 0, maxIdleTime -> 20, maxIdleTimeExcessConnections -> 0, maxPoolSize -> 100, maxStatements -> 0, maxStatementsPerConnection -> 0, minPoolSize -> 10, numHelperThreads -> 3, numThreadsAwaitingCheckoutDefaultUser -> 0, preferredTestQuery -> null, properties -> {user=******, password=******}, propertyCycle -> 0, testConnectionOnCheckin -> false, testConnectionOnCheckout -> false, unreturnedConnectionTimeout -> 0, usesTraditionalReflectiveProxies -> false ]
879 [17/07/05 14:55:30:676][main][com.jflyfox.component.util.JFlyFoxCache-init] ####缓存初始化开始......
903 [17/07/05 14:55:30:700][main][com.jflyfox.system.dict.DictCache-init] ####数据字典Cache初始化......
915 [17/07/05 14:55:30:712][main][com.jflyfox.system.user.UserCache-init] ####用户Cache初始化......
921 [17/07/05 14:55:30:718][main][com.jflyfox.system.config.ConfigCache-init] ####参数配置Cache初始化......
927 [17/07/05 14:55:30:724][main][com.jflyfox.modules.admin.pageview.PageViewCache-init] ####PageViewCache初始化......
929 [17/07/05 14:55:30:726][main][com.jflyfox.modules.admin.friendlylink.FriendlylinkCache-init] ####FriendlylinkCache初始化......
938 [17/07/05 14:55:30:735][main][com.jflyfox.modules.admin.folder.FolderService-initMenuKey] ####目录Key初始化......
943 [17/07/05 14:55:30:740][main][com.jflyfox.system.log.SysLog-init] ####日志配置初始化......
947 [17/07/05 14:55:30:744][main][com.jflyfox.component.util.JFlyFoxCache-init] ####缓存初始化结束......
18973 [17/07/05 14:55:48:770][qtp381930033-24][com.jflyfox.system.user.UserInterceptor-intercept] ####非法的请求
248850 [17/07/05 14:59:38:647][qtp381930033-21][com.jflyfox.system.user.UserInterceptor-intercept] ####非法的请求
250435 [17/07/05 14:59:40:232][qtp381930033-23][com.jflyfox.system.user.UserInterceptor-intercept] ####非法的请求
251551 [17/07/05 14:59:41:348][qtp381930033-24][com.jflyfox.system.user.UserInterceptor-intercept] ####非法的请求
252663 [17/07/05 14:59:42:460][qtp381930033-23][com.jflyfox.system.user.UserInterceptor-intercept] ####非法的请求
253629 [17/07/05 14:59:43:426][qtp381930033-22][com.jflyfox.system.user.UserInterceptor-intercept] ####非法的请求
321415 [17/07/05 15:00:51:212][qtp381930033-21][com.jflyfox.modules.admin.folder.FolderService-initMenuKey] ####目录Key初始化......
321420 [17/07/05 15:00:51:217][qtp381930033-21][com.jflyfox.system.user.UserInterceptor-intercept] ####非法的请求
327460 [17/07/05 15:00:57:257][qtp381930033-24][com.jflyfox.system.user.UserInterceptor-intercept] ####非法的请求
328488 [17/07/05 15:00:58:285][qtp381930033-23][com.jflyfox.system.user.UserInterceptor-intercept] ####非法的请求
329249 [17/07/05 15:00:59:046][qtp381930033-22][com.jflyfox.system.user.UserInterceptor-intercept] ####非法的请求
329809 [17/07/05 15:00:59:606][qtp381930033-22][com.jflyfox.system.user.UserInterceptor-intercept] ####非法的请求
330193 [17/07/05 15:00:59:990][qtp381930033-22][com.jflyfox.system.user.UserInterceptor-intercept] ####非法的请求
330523 [17/07/05 15:01:00:320][qtp381930033-20][com.jflyfox.system.user.UserInterceptor-intercept] ####非法的请求
330756 [17/07/05 15:01:00:553][qtp381930033-23][com.jflyfox.system.user.UserInterceptor-intercept] ####非法的请求
331031 [17/07/05 15:01:00:828][qtp381930033-23][com.jflyfox.system.user.UserInterceptor-intercept] ####非法的请求
331246 [17/07/05 15:01:01:043][qtp381930033-22][com.jflyfox.system.user.UserInterceptor-intercept] ####非法的请求
399986 [17/07/05 15:02:09:783][qtp381930033-24][com.jflyfox.system.user.UserInterceptor-intercept] ####非法的请求
405580 [17/07/05 15:02:15:377][qtp381930033-25][com.jflyfox.system.user.UserInterceptor-intercept] ####非法的请求
0 [17/07/05 15:03:06:023][main][com.mchange.v2.log.MLog-<clinit>] MLog clients using log4j logging.
245 [17/07/05 15:03:06:268][main][com.mchange.v2.c3p0.C3P0Registry-banner] Initializing c3p0-0.9.1.2 [built 21-May-2007 15:04:56; debug? true; trace: 10]
304 [17/07/05 15:03:06:327][main][com.mchange.v2.c3p0.impl.AbstractPoolBackedDataSource-getPoolManager] Initializing c3p0 pool... com.mchange.v2.c3p0.ComboPooledDataSource [ acquireIncrement -> 2, acquireRetryAttempts -> 30, acquireRetryDelay -> 1000, autoCommitOnClose -> false, automaticTestTable -> null, breakAfterAcquireFailure -> false, checkoutTimeout -> 0, connectionCustomizerClassName -> null, connectionTesterClassName -> com.mchange.v2.c3p0.impl.DefaultConnectionTester, dataSourceName -> 1hge1609p4veamnox4mbd|2c8f65da, debugUnreturnedConnectionStackTraces -> false, description -> null, driverClass -> com.mysql.jdbc.Driver, factoryClassLocation -> null, forceIgnoreUnresolvedTransactions -> false, identityToken -> 1hge1609p4veamnox4mbd|2c8f65da, idleConnectionTestPeriod -> 0, initialPoolSize -> 10, jdbcUrl -> jdbc:mysql://127.0.0.1:3306/jfinal_cms?characterEncoding=UTF-8&zeroDateTimeBehavior=convertToNull, maxAdministrativeTaskTime -> 0, maxConnectionAge -> 0, maxIdleTime -> 20, maxIdleTimeExcessConnections -> 0, maxPoolSize -> 100, maxStatements -> 0, maxStatementsPerConnection -> 0, minPoolSize -> 10, numHelperThreads -> 3, numThreadsAwaitingCheckoutDefaultUser -> 0, preferredTestQuery -> null, properties -> {user=******, password=******}, propertyCycle -> 0, testConnectionOnCheckin -> false, testConnectionOnCheckout -> false, unreturnedConnectionTimeout -> 0, usesTraditionalReflectiveProxies -> false ]
614 [17/07/05 15:03:06:637][main][com.jflyfox.component.util.JFlyFoxCache-init] ####缓存初始化开始......
644 [17/07/05 15:03:06:667][main][com.jflyfox.system.dict.DictCache-init] ####数据字典Cache初始化......
659 [17/07/05 15:03:06:682][main][com.jflyfox.system.user.UserCache-init] ####用户Cache初始化......
662 [17/07/05 15:03:06:685][main][com.jflyfox.system.config.ConfigCache-init] ####参数配置Cache初始化......
668 [17/07/05 15:03:06:691][main][com.jflyfox.modules.admin.pageview.PageViewCache-init] ####PageViewCache初始化......
670 [17/07/05 15:03:06:693][main][com.jflyfox.modules.admin.friendlylink.FriendlylinkCache-init] ####FriendlylinkCache初始化......
681 [17/07/05 15:03:06:704][main][com.jflyfox.modules.admin.folder.FolderService-initMenuKey] ####目录Key初始化......
686 [17/07/05 15:03:06:709][main][com.jflyfox.system.log.SysLog-init] ####日志配置初始化......
689 [17/07/05 15:03:06:712][main][com.jflyfox.component.util.JFlyFoxCache-init] ####缓存初始化结束......
32793 [17/07/05 15:03:38:816][qtp1859823482-19][com.jflyfox.system.user.UserInterceptor-intercept] ####非法的请求
49905 [17/07/05 15:03:55:928][qtp1859823482-25][com.jflyfox.system.user.UserInterceptor-intercept] ####非法的请求
50848 [17/07/05 15:03:56:871][qtp1859823482-24][com.jflyfox.system.user.UserInterceptor-intercept] ####非法的请求
0 [17/07/05 15:06:17:813][main][com.mchange.v2.log.MLog-<clinit>] MLog clients using log4j logging.
267 [17/07/05 15:06:18:080][main][com.mchange.v2.c3p0.C3P0Registry-banner] Initializing c3p0-0.9.1.2 [built 21-May-2007 15:04:56; debug? true; trace: 10]
428 [17/07/05 15:06:18:241][main][com.mchange.v2.c3p0.impl.AbstractPoolBackedDataSource-getPoolManager] Initializing c3p0 pool... com.mchange.v2.c3p0.ComboPooledDataSource [ acquireIncrement -> 2, acquireRetryAttempts -> 30, acquireRetryDelay -> 1000, autoCommitOnClose -> false, automaticTestTable -> null, breakAfterAcquireFailure -> false, checkoutTimeout -> 0, connectionCustomizerClassName -> null, connectionTesterClassName -> com.mchange.v2.c3p0.impl.DefaultConnectionTester, dataSourceName -> 1hge1609p4vielqeiqcub|2c8f65da, debugUnreturnedConnectionStackTraces -> false, description -> null, driverClass -> com.mysql.jdbc.Driver, factoryClassLocation -> null, forceIgnoreUnresolvedTransactions -> false, identityToken -> 1hge1609p4vielqeiqcub|2c8f65da, idleConnectionTestPeriod -> 0, initialPoolSize -> 10, jdbcUrl -> jdbc:mysql://127.0.0.1:3306/jfinal_cms?characterEncoding=UTF-8&zeroDateTimeBehavior=convertToNull, maxAdministrativeTaskTime -> 0, maxConnectionAge -> 0, maxIdleTime -> 20, maxIdleTimeExcessConnections -> 0, maxPoolSize -> 100, maxStatements -> 0, maxStatementsPerConnection -> 0, minPoolSize -> 10, numHelperThreads -> 3, numThreadsAwaitingCheckoutDefaultUser -> 0, preferredTestQuery -> null, properties -> {user=******, password=******}, propertyCycle -> 0, testConnectionOnCheckin -> false, testConnectionOnCheckout -> false, unreturnedConnectionTimeout -> 0, usesTraditionalReflectiveProxies -> false ]
835 [17/07/05 15:06:18:648][main][com.jflyfox.component.util.JFlyFoxCache-init] ####缓存初始化开始......
859 [17/07/05 15:06:18:672][main][com.jflyfox.system.dict.DictCache-init] ####数据字典Cache初始化......
871 [17/07/05 15:06:18:684][main][com.jflyfox.system.user.UserCache-init] ####用户Cache初始化......
875 [17/07/05 15:06:18:688][main][com.jflyfox.system.config.ConfigCache-init] ####参数配置Cache初始化......
882 [17/07/05 15:06:18:695][main][com.jflyfox.modules.admin.pageview.PageViewCache-init] ####PageViewCache初始化......
883 [17/07/05 15:06:18:696][main][com.jflyfox.modules.admin.friendlylink.FriendlylinkCache-init] ####FriendlylinkCache初始化......
890 [17/07/05 15:06:18:703][main][com.jflyfox.modules.admin.folder.FolderService-initMenuKey] ####目录Key初始化......
895 [17/07/05 15:06:18:708][main][com.jflyfox.system.log.SysLog-init] ####日志配置初始化......
897 [17/07/05 15:06:18:710][main][com.jflyfox.component.util.JFlyFoxCache-init] ####缓存初始化结束......
26993 [17/07/05 15:06:44:806][qtp1859823482-22][com.jflyfox.system.user.UserInterceptor-intercept] ####非法的请求
30157 [17/07/05 15:06:47:970][qtp1859823482-23][com.jflyfox.system.user.UserInterceptor-intercept] ####非法的请求
31039 [17/07/05 15:06:48:852][qtp1859823482-20][com.jflyfox.system.user.UserInterceptor-intercept] ####非法的请求
31733 [17/07/05 15:06:49:546][qtp1859823482-25][com.jflyfox.system.user.UserInterceptor-intercept] ####非法的请求
32272 [17/07/05 15:06:50:085][qtp1859823482-20][com.jflyfox.system.user.UserInterceptor-intercept] ####非法的请求
1478850 [17/07/05 15:30:56:663][qtp1859823482-20][com.jflyfox.modules.admin.folder.FolderService-initMenuKey] ####目录Key初始化......
1478862 [17/07/05 15:30:56:675][qtp1859823482-20][com.jflyfox.system.user.UserInterceptor-intercept] ####非法的请求
1482242 [17/07/05 15:31:00:055][qtp1859823482-22][com.jflyfox.system.user.UserInterceptor-intercept] ####非法的请求
0 [17/07/05 15:49:52:264][main][com.mchange.v2.log.MLog-<clinit>] MLog clients using log4j logging.
282 [17/07/05 15:49:52:546][main][com.mchange.v2.c3p0.C3P0Registry-banner] Initializing c3p0-0.9.1.2 [built 21-May-2007 15:04:56; debug? true; trace: 10]
357 [17/07/05 15:49:52:621][main][com.mchange.v2.c3p0.impl.AbstractPoolBackedDataSource-getPoolManager] Initializing c3p0 pool... com.mchange.v2.c3p0.ComboPooledDataSource [ acquireIncrement -> 2, acquireRetryAttempts -> 30, acquireRetryDelay -> 1000, autoCommitOnClose -> false, automaticTestTable -> null, breakAfterAcquireFailure -> false, checkoutTimeout -> 0, connectionCustomizerClassName -> null, connectionTesterClassName -> com.mchange.v2.c3p0.impl.DefaultConnectionTester, dataSourceName -> 1hge1609p4x2fxc1mymbwm|61d150af, debugUnreturnedConnectionStackTraces -> false, description -> null, driverClass -> com.mysql.jdbc.Driver, factoryClassLocation -> null, forceIgnoreUnresolvedTransactions -> false, identityToken -> 1hge1609p4x2fxc1mymbwm|61d150af, idleConnectionTestPeriod -> 0, initialPoolSize -> 10, jdbcUrl -> jdbc:mysql://127.0.0.1:3306/jfinal_cms?characterEncoding=UTF-8&zeroDateTimeBehavior=convertToNull, maxAdministrativeTaskTime -> 0, maxConnectionAge -> 0, maxIdleTime -> 20, maxIdleTimeExcessConnections -> 0, maxPoolSize -> 100, maxStatements -> 0, maxStatementsPerConnection -> 0, minPoolSize -> 10, numHelperThreads -> 3, numThreadsAwaitingCheckoutDefaultUser -> 0, preferredTestQuery -> null, properties -> {user=******, password=******}, propertyCycle -> 0, testConnectionOnCheckin -> false, testConnectionOnCheckout -> false, unreturnedConnectionTimeout -> 0, usesTraditionalReflectiveProxies -> false ]
789 [17/07/05 15:49:53:053][main][com.jflyfox.component.util.JFlyFoxCache-init] ####缓存初始化开始......
817 [17/07/05 15:49:53:081][main][com.jflyfox.system.dict.DictCache-init] ####数据字典Cache初始化......
829 [17/07/05 15:49:53:093][main][com.jflyfox.system.user.UserCache-init] ####用户Cache初始化......
833 [17/07/05 15:49:53:097][main][com.jflyfox.system.config.ConfigCache-init] ####参数配置Cache初始化......
839 [17/07/05 15:49:53:103][main][com.jflyfox.modules.admin.pageview.PageViewCache-init] ####PageViewCache初始化......
841 [17/07/05 15:49:53:105][main][com.jflyfox.modules.admin.friendlylink.FriendlylinkCache-init] ####FriendlylinkCache初始化......
850 [17/07/05 15:49:53:114][main][com.jflyfox.modules.admin.folder.FolderService-initMenuKey] ####目录Key初始化......
854 [17/07/05 15:49:53:118][main][com.jflyfox.system.log.SysLog-init] ####日志配置初始化......
856 [17/07/05 15:49:53:120][main][com.jflyfox.component.util.JFlyFoxCache-init] ####缓存初始化结束......
105964 [17/07/05 15:51:38:228][qtp609879567-20][com.jflyfox.system.user.UserInterceptor-intercept] ####非法的请求
167423 [17/07/05 15:52:39:687][qtp609879567-22][com.jflyfox.system.user.UserInterceptor-intercept] ####非法的请求
0 [17/07/05 15:54:27:306][main][com.mchange.v2.log.MLog-<clinit>] MLog clients using log4j logging.
312 [17/07/05 15:54:27:618][main][com.mchange.v2.c3p0.C3P0Registry-banner] Initializing c3p0-0.9.1.2 [built 21-May-2007 15:04:56; debug? true; trace: 10]
437 [17/07/05 15:54:27:743][main][com.mchange.v2.c3p0.impl.AbstractPoolBackedDataSource-getPoolManager] Initializing c3p0 pool... com.mchange.v2.c3p0.ComboPooledDataSource [ acquireIncrement -> 2, acquireRetryAttempts -> 30, acquireRetryDelay -> 1000, autoCommitOnClose -> false, automaticTestTable -> null, breakAfterAcquireFailure -> false, checkoutTimeout -> 0, connectionCustomizerClassName -> null, connectionTesterClassName -> com.mchange.v2.c3p0.impl.DefaultConnectionTester, dataSourceName -> 1hge1609p4x8c5l1b1zkzg|2c8f65da, debugUnreturnedConnectionStackTraces -> false, description -> null, driverClass -> com.mysql.jdbc.Driver, factoryClassLocation -> null, forceIgnoreUnresolvedTransactions -> false, identityToken -> 1hge1609p4x8c5l1b1zkzg|2c8f65da, idleConnectionTestPeriod -> 0, initialPoolSize -> 10, jdbcUrl -> jdbc:mysql://127.0.0.1:3306/jfinal_cms?characterEncoding=UTF-8&zeroDateTimeBehavior=convertToNull, maxAdministrativeTaskTime -> 0, maxConnectionAge -> 0, maxIdleTime -> 20, maxIdleTimeExcessConnections -> 0, maxPoolSize -> 100, maxStatements -> 0, maxStatementsPerConnection -> 0, minPoolSize -> 10, numHelperThreads -> 3, numThreadsAwaitingCheckoutDefaultUser -> 0, preferredTestQuery -> null, properties -> {user=******, password=******}, propertyCycle -> 0, testConnectionOnCheckin -> false, testConnectionOnCheckout -> false, unreturnedConnectionTimeout -> 0, usesTraditionalReflectiveProxies -> false ]
851 [17/07/05 15:54:28:157][main][com.jflyfox.component.util.JFlyFoxCache-init] ####缓存初始化开始......
883 [17/07/05 15:54:28:189][main][com.jflyfox.system.dict.DictCache-init] ####数据字典Cache初始化......
898 [17/07/05 15:54:28:204][main][com.jflyfox.system.user.UserCache-init] ####用户Cache初始化......
914 [17/07/05 15:54:28:220][main][com.jflyfox.system.config.ConfigCache-init] ####参数配置Cache初始化......
930 [17/07/05 15:54:28:236][main][com.jflyfox.modules.admin.pageview.PageViewCache-init] ####PageViewCache初始化......
930 [17/07/05 15:54:28:236][main][com.jflyfox.modules.admin.friendlylink.FriendlylinkCache-init] ####FriendlylinkCache初始化......
930 [17/07/05 15:54:28:236][main][com.jflyfox.modules.admin.folder.FolderService-initMenuKey] ####目录Key初始化......
945 [17/07/05 15:54:28:251][main][com.jflyfox.system.log.SysLog-init] ####日志配置初始化......
945 [17/07/05 15:54:28:251][main][com.jflyfox.component.util.JFlyFoxCache-init] ####缓存初始化结束......
4761 [17/07/05 15:54:32:067][qtp1859823482-22][com.jflyfox.system.user.UserInterceptor-intercept] ####非法的请求
7718 [17/07/05 15:54:35:024][qtp1859823482-24][com.jflyfox.system.user.UserInterceptor-intercept] ####非法的请求
0 [17/07/05 15:56:02:831][main][com.mchange.v2.log.MLog-<clinit>] MLog clients using log4j logging.
234 [17/07/05 15:56:03:065][main][com.mchange.v2.c3p0.C3P0Registry-banner] Initializing c3p0-0.9.1.2 [built 21-May-2007 15:04:56; debug? true; trace: 10]
328 [17/07/05 15:56:03:159][main][com.mchange.v2.c3p0.impl.AbstractPoolBackedDataSource-getPoolManager] Initializing c3p0 pool... com.mchange.v2.c3p0.ComboPooledDataSource [ acquireIncrement -> 2, acquireRetryAttempts -> 30, acquireRetryDelay -> 1000, autoCommitOnClose -> false, automaticTestTable -> null, breakAfterAcquireFailure -> false, checkoutTimeout -> 0, connectionCustomizerClassName -> null, connectionTesterClassName -> com.mchange.v2.c3p0.impl.DefaultConnectionTester, dataSourceName -> 1hge1609p4xadv21tdlkye|7430ed93, debugUnreturnedConnectionStackTraces -> false, description -> null, driverClass -> com.mysql.jdbc.Driver, factoryClassLocation -> null, forceIgnoreUnresolvedTransactions -> false, identityToken -> 1hge1609p4xadv21tdlkye|7430ed93, idleConnectionTestPeriod -> 0, initialPoolSize -> 10, jdbcUrl -> jdbc:mysql://127.0.0.1:3306/jfinal_cms?characterEncoding=UTF-8&zeroDateTimeBehavior=convertToNull, maxAdministrativeTaskTime -> 0, maxConnectionAge -> 0, maxIdleTime -> 20, maxIdleTimeExcessConnections -> 0, maxPoolSize -> 100, maxStatements -> 0, maxStatementsPerConnection -> 0, minPoolSize -> 10, numHelperThreads -> 3, numThreadsAwaitingCheckoutDefaultUser -> 0, preferredTestQuery -> null, properties -> {user=******, password=******}, propertyCycle -> 0, testConnectionOnCheckin -> false, testConnectionOnCheckout -> false, unreturnedConnectionTimeout -> 0, usesTraditionalReflectiveProxies -> false ]
801 [17/07/05 15:56:03:632][main][com.jflyfox.component.util.JFlyFoxCache-init] ####缓存初始化开始......
841 [17/07/05 15:56:03:672][main][com.jflyfox.system.dict.DictCache-init] ####数据字典Cache初始化......
853 [17/07/05 15:56:03:684][main][com.jflyfox.system.user.UserCache-init] ####用户Cache初始化......
857 [17/07/05 15:56:03:688][main][com.jflyfox.system.config.ConfigCache-init] ####参数配置Cache初始化......
867 [17/07/05 15:56:03:698][main][com.jflyfox.modules.admin.pageview.PageViewCache-init] ####PageViewCache初始化......
869 [17/07/05 15:56:03:700][main][com.jflyfox.modules.admin.friendlylink.FriendlylinkCache-init] ####FriendlylinkCache初始化......
880 [17/07/05 15:56:03:711][main][com.jflyfox.modules.admin.folder.FolderService-initMenuKey] ####目录Key初始化......
887 [17/07/05 15:56:03:718][main][com.jflyfox.system.log.SysLog-init] ####日志配置初始化......
890 [17/07/05 15:56:03:721][main][com.jflyfox.component.util.JFlyFoxCache-init] ####缓存初始化结束......
6942 [17/07/05 15:56:09:773][qtp381930033-25][com.jflyfox.system.user.UserInterceptor-intercept] ####非法的请求
39914 [17/07/05 15:56:42:745][qtp381930033-19][com.jflyfox.system.user.UserInterceptor-intercept] ####非法的请求
42470 [17/07/05 15:56:45:301][qtp381930033-19][com.jflyfox.system.user.UserInterceptor-intercept] ####非法的请求
43555 [17/07/05 15:56:46:386][qtp381930033-25][com.jflyfox.system.user.UserInterceptor-intercept] ####非法的请求
43978 [17/07/05 15:56:46:809][qtp381930033-23][com.jflyfox.system.user.UserInterceptor-intercept] ####非法的请求
44181 [17/07/05 15:56:47:012][qtp381930033-24][com.jflyfox.system.user.UserInterceptor-intercept] ####非法的请求
44428 [17/07/05 15:56:47:259][qtp381930033-19][com.jflyfox.system.user.UserInterceptor-intercept] ####非法的请求
44659 [17/07/05 15:56:47:490][qtp381930033-22][com.jflyfox.system.user.UserInterceptor-intercept] ####非法的请求
44879 [17/07/05 15:56:47:710][qtp381930033-25][com.jflyfox.system.user.UserInterceptor-intercept] ####非法的请求
45091 [17/07/05 15:56:47:922][qtp381930033-23][com.jflyfox.system.user.UserInterceptor-intercept] ####非法的请求
100425 [17/07/05 15:57:43:256][qtp381930033-22][com.jflyfox.system.user.UserInterceptor-intercept] ####非法的请求
219895 [17/07/05 15:59:42:726][qtp381930033-19][com.jflyfox.system.user.UserInterceptor-intercept] ####非法的请求
464022 [17/07/05 16:03:46:853][qtp381930033-25][com.jflyfox.modules.admin.folder.FolderService-initMenuKey] ####目录Key初始化......
464030 [17/07/05 16:03:46:861][qtp381930033-25][com.jflyfox.system.user.UserInterceptor-intercept] ####非法的请求
0 [17/07/05 16:08:40:316][main][com.mchange.v2.log.MLog-<clinit>] MLog clients using log4j logging.
246 [17/07/05 16:08:40:562][main][com.mchange.v2.c3p0.C3P0Registry-banner] Initializing c3p0-0.9.1.2 [built 21-May-2007 15:04:56; debug? true; trace: 10]
320 [17/07/05 16:08:40:636][main][com.mchange.v2.c3p0.impl.AbstractPoolBackedDataSource-getPoolManager] Initializing c3p0 pool... com.mchange.v2.c3p0.ComboPooledDataSource [ acquireIncrement -> 2, acquireRetryAttempts -> 30, acquireRetryDelay -> 1000, autoCommitOnClose -> false, automaticTestTable -> null, breakAfterAcquireFailure -> false, checkoutTimeout -> 0, connectionCustomizerClassName -> null, connectionTesterClassName -> com.mchange.v2.c3p0.impl.DefaultConnectionTester, dataSourceName -> 1hge1609p4xqmc49zx0ot|7430ed93, debugUnreturnedConnectionStackTraces -> false, description -> null, driverClass -> com.mysql.jdbc.Driver, factoryClassLocation -> null, forceIgnoreUnresolvedTransactions -> false, identityToken -> 1hge1609p4xqmc49zx0ot|7430ed93, idleConnectionTestPeriod -> 0, initialPoolSize -> 10, jdbcUrl -> jdbc:mysql://127.0.0.1:3306/jfinal_cms?characterEncoding=UTF-8&zeroDateTimeBehavior=convertToNull, maxAdministrativeTaskTime -> 0, maxConnectionAge -> 0, maxIdleTime -> 20, maxIdleTimeExcessConnections -> 0, maxPoolSize -> 100, maxStatements -> 0, maxStatementsPerConnection -> 0, minPoolSize -> 10, numHelperThreads -> 3, numThreadsAwaitingCheckoutDefaultUser -> 0, preferredTestQuery -> null, properties -> {user=******, password=******}, propertyCycle -> 0, testConnectionOnCheckin -> false, testConnectionOnCheckout -> false, unreturnedConnectionTimeout -> 0, usesTraditionalReflectiveProxies -> false ]
689 [17/07/05 16:08:41:005][main][com.jflyfox.component.util.JFlyFoxCache-init] ####缓存初始化开始......
719 [17/07/05 16:08:41:035][main][com.jflyfox.system.dict.DictCache-init] ####数据字典Cache初始化......
737 [17/07/05 16:08:41:053][main][com.jflyfox.system.user.UserCache-init] ####用户Cache初始化......
741 [17/07/05 16:08:41:057][main][com.jflyfox.system.config.ConfigCache-init] ####参数配置Cache初始化......
748 [17/07/05 16:08:41:064][main][com.jflyfox.modules.admin.pageview.PageViewCache-init] ####PageViewCache初始化......
750 [17/07/05 16:08:41:066][main][com.jflyfox.modules.admin.friendlylink.FriendlylinkCache-init] ####FriendlylinkCache初始化......
756 [17/07/05 16:08:41:072][main][com.jflyfox.modules.admin.folder.FolderService-initMenuKey] ####目录Key初始化......
761 [17/07/05 16:08:41:077][main][com.jflyfox.system.log.SysLog-init] ####日志配置初始化......
762 [17/07/05 16:08:41:078][main][com.jflyfox.component.util.JFlyFoxCache-init] ####缓存初始化结束......
48292 [17/07/05 16:09:28:608][qtp381930033-20][com.jflyfox.system.user.UserInterceptor-intercept] ####非法的请求
0 [17/07/05 16:11:53:227][main][com.mchange.v2.log.MLog-<clinit>] MLog clients using log4j logging.
295 [17/07/05 16:11:53:522][main][com.mchange.v2.c3p0.C3P0Registry-banner] Initializing c3p0-0.9.1.2 [built 21-May-2007 15:04:56; debug? true; trace: 10]
373 [17/07/05 16:11:53:600][main][com.mchange.v2.c3p0.impl.AbstractPoolBackedDataSource-getPoolManager] Initializing c3p0 pool... com.mchange.v2.c3p0.ComboPooledDataSource [ acquireIncrement -> 2, acquireRetryAttempts -> 30, acquireRetryDelay -> 1000, autoCommitOnClose -> false, automaticTestTable -> null, breakAfterAcquireFailure -> false, checkoutTimeout -> 0, connectionCustomizerClassName -> null, connectionTesterClassName -> com.mchange.v2.c3p0.impl.DefaultConnectionTester, dataSourceName -> 1hge1609p4xur6y1wz9eo4|1f0f92f5, debugUnreturnedConnectionStackTraces -> false, description -> null, driverClass -> com.mysql.jdbc.Driver, factoryClassLocation -> null, forceIgnoreUnresolvedTransactions -> false, identityToken -> 1hge1609p4xur6y1wz9eo4|1f0f92f5, idleConnectionTestPeriod -> 0, initialPoolSize -> 10, jdbcUrl -> jdbc:mysql://127.0.0.1:3306/jfinal_cms?characterEncoding=UTF-8&zeroDateTimeBehavior=convertToNull, maxAdministrativeTaskTime -> 0, maxConnectionAge -> 0, maxIdleTime -> 20, maxIdleTimeExcessConnections -> 0, maxPoolSize -> 100, maxStatements -> 0, maxStatementsPerConnection -> 0, minPoolSize -> 10, numHelperThreads -> 3, numThreadsAwaitingCheckoutDefaultUser -> 0, preferredTestQuery -> null, properties -> {user=******, password=******}, propertyCycle -> 0, testConnectionOnCheckin -> false, testConnectionOnCheckout -> false, unreturnedConnectionTimeout -> 0, usesTraditionalReflectiveProxies -> false ]
779 [17/07/05 16:11:54:006][main][com.jflyfox.component.util.JFlyFoxCache-init] ####缓存初始化开始......
794 [17/07/05 16:11:54:021][main][com.jflyfox.system.dict.DictCache-init] ####数据字典Cache初始化......
811 [17/07/05 16:11:54:038][main][com.jflyfox.system.user.UserCache-init] ####用户Cache初始化......
811 [17/07/05 16:11:54:038][main][com.jflyfox.system.config.ConfigCache-init] ####参数配置Cache初始化......
811 [17/07/05 16:11:54:038][main][com.jflyfox.modules.admin.pageview.PageViewCache-init] ####PageViewCache初始化......
811 [17/07/05 16:11:54:038][main][com.jflyfox.modules.admin.friendlylink.FriendlylinkCache-init] ####FriendlylinkCache初始化......
826 [17/07/05 16:11:54:053][main][com.jflyfox.modules.admin.folder.FolderService-initMenuKey] ####目录Key初始化......
826 [17/07/05 16:11:54:053][main][com.jflyfox.system.log.SysLog-init] ####日志配置初始化......
826 [17/07/05 16:11:54:053][main][com.jflyfox.component.util.JFlyFoxCache-init] ####缓存初始化结束......
4256 [17/07/05 16:11:57:483][qtp1658704411-18][com.jflyfox.system.user.UserInterceptor-intercept] ####非法的请求
89336 [17/07/05 16:13:22:563][qtp1658704411-18][com.jflyfox.system.user.UserInterceptor-intercept] ####非法的请求
93675 [17/07/05 16:13:26:902][qtp1658704411-25][com.jflyfox.system.user.UserInterceptor-intercept] ####非法的请求
94499 [17/07/05 16:13:27:726][qtp1658704411-23][com.jflyfox.system.user.UserInterceptor-intercept] ####非法的请求
94848 [17/07/05 16:13:28:075][qtp1658704411-18][com.jflyfox.system.user.UserInterceptor-intercept] ####非法的请求
95156 [17/07/05 16:13:28:383][qtp1658704411-24][com.jflyfox.system.user.UserInterceptor-intercept] ####非法的请求
95323 [17/07/05 16:13:28:550][qtp1658704411-20][com.jflyfox.system.user.UserInterceptor-intercept] ####非法的请求
95528 [17/07/05 16:13:28:755][qtp1658704411-23][com.jflyfox.system.user.UserInterceptor-intercept] ####非法的请求
0 [17/07/05 16:19:20:163][main][com.mchange.v2.log.MLog-<clinit>] MLog clients using log4j logging.
289 [17/07/05 16:19:20:452][main][com.mchange.v2.c3p0.C3P0Registry-banner] Initializing c3p0-0.9.1.2 [built 21-May-2007 15:04:56; debug? true; trace: 10]
439 [17/07/05 16:19:20:602][main][com.mchange.v2.c3p0.impl.AbstractPoolBackedDataSource-getPoolManager] Initializing c3p0 pool... com.mchange.v2.c3p0.ComboPooledDataSource [ acquireIncrement -> 2, acquireRetryAttempts -> 30, acquireRetryDelay -> 1000, autoCommitOnClose -> false, automaticTestTable -> null, breakAfterAcquireFailure -> false, checkoutTimeout -> 0, connectionCustomizerClassName -> null, connectionTesterClassName -> com.mchange.v2.c3p0.impl.DefaultConnectionTester, dataSourceName -> 1hge1609p4y4c1q186ewf2|5039c2cf, debugUnreturnedConnectionStackTraces -> false, description -> null, driverClass -> com.mysql.jdbc.Driver, factoryClassLocation -> null, forceIgnoreUnresolvedTransactions -> false, identityToken -> 1hge1609p4y4c1q186ewf2|5039c2cf, idleConnectionTestPeriod -> 0, initialPoolSize -> 10, jdbcUrl -> jdbc:mysql://127.0.0.1:3306/jfinal_cms?characterEncoding=UTF-8&zeroDateTimeBehavior=convertToNull, maxAdministrativeTaskTime -> 0, maxConnectionAge -> 0, maxIdleTime -> 20, maxIdleTimeExcessConnections -> 0, maxPoolSize -> 100, maxStatements -> 0, maxStatementsPerConnection -> 0, minPoolSize -> 10, numHelperThreads -> 3, numThreadsAwaitingCheckoutDefaultUser -> 0, preferredTestQuery -> null, properties -> {user=******, password=******}, propertyCycle -> 0, testConnectionOnCheckin -> false, testConnectionOnCheckout -> false, unreturnedConnectionTimeout -> 0, usesTraditionalReflectiveProxies -> false ]
860 [17/07/05 16:19:21:023][main][com.jflyfox.component.util.JFlyFoxCache-init] ####缓存初始化开始......
886 [17/07/05 16:19:21:049][main][com.jflyfox.system.dict.DictCache-init] ####数据字典Cache初始化......
902 [17/07/05 16:19:21:065][main][com.jflyfox.system.user.UserCache-init] ####用户Cache初始化......
907 [17/07/05 16:19:21:070][main][com.jflyfox.system.config.ConfigCache-init] ####参数配置Cache初始化......
912 [17/07/05 16:19:21:075][main][com.jflyfox.modules.admin.pageview.PageViewCache-init] ####PageViewCache初始化......
914 [17/07/05 16:19:21:077][main][com.jflyfox.modules.admin.friendlylink.FriendlylinkCache-init] ####FriendlylinkCache初始化......
920 [17/07/05 16:19:21:083][main][com.jflyfox.modules.admin.folder.FolderService-initMenuKey] ####目录Key初始化......
926 [17/07/05 16:19:21:089][main][com.jflyfox.system.log.SysLog-init] ####日志配置初始化......
928 [17/07/05 16:19:21:091][main][com.jflyfox.component.util.JFlyFoxCache-init] ####缓存初始化结束......
15448 [17/07/05 16:19:35:611][qtp1163664780-26][com.jflyfox.system.user.UserInterceptor-intercept] ####非法的请求
434106 [17/07/05 16:26:34:269][qtp1163664780-27][com.jflyfox.modules.admin.folder.FolderService-initMenuKey] ####目录Key初始化......
0 [17/07/05 16:30:40:374][main][com.mchange.v2.log.MLog-<clinit>] MLog clients using log4j logging.
221 [17/07/05 16:30:40:595][main][com.mchange.v2.c3p0.C3P0Registry-banner] Initializing c3p0-0.9.1.2 [built 21-May-2007 15:04:56; debug? true; trace: 10]
325 [17/07/05 16:30:40:699][main][com.mchange.v2.c3p0.impl.AbstractPoolBackedDataSource-getPoolManager] Initializing c3p0 pool... com.mchange.v2.c3p0.ComboPooledDataSource [ acquireIncrement -> 2, acquireRetryAttempts -> 30, acquireRetryDelay -> 1000, autoCommitOnClose -> false, automaticTestTable -> null, breakAfterAcquireFailure -> false, checkoutTimeout -> 0, connectionCustomizerClassName -> null, connectionTesterClassName -> com.mchange.v2.c3p0.impl.DefaultConnectionTester, dataSourceName -> 1hge1609p4yiwwd1ezqpoo|61d150af, debugUnreturnedConnectionStackTraces -> false, description -> null, driverClass -> com.mysql.jdbc.Driver, factoryClassLocation -> null, forceIgnoreUnresolvedTransactions -> false, identityToken -> 1hge1609p4yiwwd1ezqpoo|61d150af, idleConnectionTestPeriod -> 0, initialPoolSize -> 10, jdbcUrl -> jdbc:mysql://127.0.0.1:3306/jfinal_cms?characterEncoding=UTF-8&zeroDateTimeBehavior=convertToNull, maxAdministrativeTaskTime -> 0, maxConnectionAge -> 0, maxIdleTime -> 20, maxIdleTimeExcessConnections -> 0, maxPoolSize -> 100, maxStatements -> 0, maxStatementsPerConnection -> 0, minPoolSize -> 10, numHelperThreads -> 3, numThreadsAwaitingCheckoutDefaultUser -> 0, preferredTestQuery -> null, properties -> {user=******, password=******}, propertyCycle -> 0, testConnectionOnCheckin -> false, testConnectionOnCheckout -> false, unreturnedConnectionTimeout -> 0, usesTraditionalReflectiveProxies -> false ]
674 [17/07/05 16:30:41:048][main][com.jflyfox.component.util.JFlyFoxCache-init] ####缓存初始化开始......
697 [17/07/05 16:30:41:071][main][com.jflyfox.system.dict.DictCache-init] ####数据字典Cache初始化......
710 [17/07/05 16:30:41:084][main][com.jflyfox.system.user.UserCache-init] ####用户Cache初始化......
713 [17/07/05 16:30:41:087][main][com.jflyfox.system.config.ConfigCache-init] ####参数配置Cache初始化......
719 [17/07/05 16:30:41:093][main][com.jflyfox.modules.admin.pageview.PageViewCache-init] ####PageViewCache初始化......
721 [17/07/05 16:30:41:095][main][com.jflyfox.modules.admin.friendlylink.FriendlylinkCache-init] ####FriendlylinkCache初始化......
730 [17/07/05 16:30:41:104][main][com.jflyfox.modules.admin.folder.FolderService-initMenuKey] ####目录Key初始化......
739 [17/07/05 16:30:41:113][main][com.jflyfox.system.log.SysLog-init] ####日志配置初始化......
742 [17/07/05 16:30:41:116][main][com.jflyfox.component.util.JFlyFoxCache-init] ####缓存初始化结束......
0 [17/07/05 16:38:51:294][main][com.mchange.v2.log.MLog-<clinit>] MLog clients using log4j logging.
234 [17/07/05 16:38:51:528][main][com.mchange.v2.c3p0.C3P0Registry-banner] Initializing c3p0-0.9.1.2 [built 21-May-2007 15:04:56; debug? true; trace: 10]
281 [17/07/05 16:38:51:575][main][com.mchange.v2.c3p0.impl.AbstractPoolBackedDataSource-getPoolManager] Initializing c3p0 pool... com.mchange.v2.c3p0.ComboPooledDataSource [ acquireIncrement -> 2, acquireRetryAttempts -> 30, acquireRetryDelay -> 1000, autoCommitOnClose -> false, automaticTestTable -> null, breakAfterAcquireFailure -> false, checkoutTimeout -> 0, connectionCustomizerClassName -> null, connectionTesterClassName -> com.mchange.v2.c3p0.impl.DefaultConnectionTester, dataSourceName -> 1hge1609p4ytfp910gj7mz|4b9b5da5, debugUnreturnedConnectionStackTraces -> false, description -> null, driverClass -> com.mysql.jdbc.Driver, factoryClassLocation -> null, forceIgnoreUnresolvedTransactions -> false, identityToken -> 1hge1609p4ytfp910gj7mz|4b9b5da5, idleConnectionTestPeriod -> 0, initialPoolSize -> 10, jdbcUrl -> jdbc:mysql://127.0.0.1:3306/jfinal_cms?characterEncoding=UTF-8&zeroDateTimeBehavior=convertToNull, maxAdministrativeTaskTime -> 0, maxConnectionAge -> 0, maxIdleTime -> 20, maxIdleTimeExcessConnections -> 0, maxPoolSize -> 100, maxStatements -> 0, maxStatementsPerConnection -> 0, minPoolSize -> 10, numHelperThreads -> 3, numThreadsAwaitingCheckoutDefaultUser -> 0, preferredTestQuery -> null, properties -> {user=******, password=******}, propertyCycle -> 0, testConnectionOnCheckin -> false, testConnectionOnCheckout -> false, unreturnedConnectionTimeout -> 0, usesTraditionalReflectiveProxies -> false ]
577 [17/07/05 16:38:51:871][main][com.jflyfox.component.util.JFlyFoxCache-init] ####缓存初始化开始......
593 [17/07/05 16:38:51:887][main][com.jflyfox.system.dict.DictCache-init] ####数据字典Cache初始化......
609 [17/07/05 16:38:51:903][main][com.jflyfox.system.user.UserCache-init] ####用户Cache初始化......
609 [17/07/05 16:38:51:903][main][com.jflyfox.system.config.ConfigCache-init] ####参数配置Cache初始化......
625 [17/07/05 16:38:51:919][main][com.jflyfox.modules.admin.pageview.PageViewCache-init] ####PageViewCache初始化......
625 [17/07/05 16:38:51:919][main][com.jflyfox.modules.admin.friendlylink.FriendlylinkCache-init] ####FriendlylinkCache初始化......
625 [17/07/05 16:38:51:919][main][com.jflyfox.modules.admin.folder.FolderService-initMenuKey] ####目录Key初始化......
625 [17/07/05 16:38:51:919][main][com.jflyfox.system.log.SysLog-init] ####日志配置初始化......
640 [17/07/05 16:38:51:934][main][com.jflyfox.component.util.JFlyFoxCache-init] ####缓存初始化结束......
0 [17/07/05 16:47:02:913][main][com.mchange.v2.log.MLog-<clinit>] MLog clients using log4j logging.
328 [17/07/05 16:47:03:241][main][com.mchange.v2.c3p0.C3P0Registry-banner] Initializing c3p0-0.9.1.2 [built 21-May-2007 15:04:56; debug? true; trace: 10]
421 [17/07/05 16:47:03:334][main][com.mchange.v2.c3p0.impl.AbstractPoolBackedDataSource-getPoolManager] Initializing c3p0 pool... com.mchange.v2.c3p0.ComboPooledDataSource [ acquireIncrement -> 2, acquireRetryAttempts -> 30, acquireRetryDelay -> 1000, autoCommitOnClose -> false, automaticTestTable -> null, breakAfterAcquireFailure -> false, checkoutTimeout -> 0, connectionCustomizerClassName -> null, connectionTesterClassName -> com.mchange.v2.c3p0.impl.DefaultConnectionTester, dataSourceName -> z8kflt9p4z3z1s8nt4ma|4b9b5da5, debugUnreturnedConnectionStackTraces -> false, description -> null, driverClass -> com.mysql.jdbc.Driver, factoryClassLocation -> null, forceIgnoreUnresolvedTransactions -> false, identityToken -> z8kflt9p4z3z1s8nt4ma|4b9b5da5, idleConnectionTestPeriod -> 0, initialPoolSize -> 10, jdbcUrl -> jdbc:mysql://127.0.0.1:3306/jfinal_cms?characterEncoding=UTF-8&zeroDateTimeBehavior=convertToNull, maxAdministrativeTaskTime -> 0, maxConnectionAge -> 0, maxIdleTime -> 20, maxIdleTimeExcessConnections -> 0, maxPoolSize -> 100, maxStatements -> 0, maxStatementsPerConnection -> 0, minPoolSize -> 10, numHelperThreads -> 3, numThreadsAwaitingCheckoutDefaultUser -> 0, preferredTestQuery -> null, properties -> {user=******, password=******}, propertyCycle -> 0, testConnectionOnCheckin -> false, testConnectionOnCheckout -> false, unreturnedConnectionTimeout -> 0, usesTraditionalReflectiveProxies -> false ]
884 [17/07/05 16:47:03:797][main][com.jflyfox.component.util.JFlyFoxCache-init] ####缓存初始化开始......
931 [17/07/05 16:47:03:844][main][com.jflyfox.system.dict.DictCache-init] ####数据字典Cache初始化......
962 [17/07/05 16:47:03:875][main][com.jflyfox.system.user.UserCache-init] ####用户Cache初始化......
962 [17/07/05 16:47:03:875][main][com.jflyfox.system.config.ConfigCache-init] ####参数配置Cache初始化......
962 [17/07/05 16:47:03:875][main][com.jflyfox.modules.admin.pageview.PageViewCache-init] ####PageViewCache初始化......
977 [17/07/05 16:47:03:890][main][com.jflyfox.modules.admin.friendlylink.FriendlylinkCache-init] ####FriendlylinkCache初始化......
977 [17/07/05 16:47:03:890][main][com.jflyfox.modules.admin.folder.FolderService-initMenuKey] ####目录Key初始化......
993 [17/07/05 16:47:03:906][main][com.jflyfox.system.log.SysLog-init] ####日志配置初始化......
993 [17/07/05 16:47:03:906][main][com.jflyfox.component.util.JFlyFoxCache-init] ####缓存初始化结束......
0 [17/07/05 16:49:06:427][main][com.mchange.v2.log.MLog-<clinit>] MLog clients using log4j logging.
250 [17/07/05 16:49:06:677][main][com.mchange.v2.c3p0.C3P0Registry-banner] Initializing c3p0-0.9.1.2 [built 21-May-2007 15:04:56; debug? true; trace: 10]
328 [17/07/05 16:49:06:755][main][com.mchange.v2.c3p0.impl.AbstractPoolBackedDataSource-getPoolManager] Initializing c3p0 pool... com.mchange.v2.c3p0.ComboPooledDataSource [ acquireIncrement -> 2, acquireRetryAttempts -> 30, acquireRetryDelay -> 1000, autoCommitOnClose -> false, automaticTestTable -> null, breakAfterAcquireFailure -> false, checkoutTimeout -> 0, connectionCustomizerClassName -> null, connectionTesterClassName -> com.mchange.v2.c3p0.impl.DefaultConnectionTester, dataSourceName -> 1hge1609p4z6mbvcu3ah9|2c8f65da, debugUnreturnedConnectionStackTraces -> false, description -> null, driverClass -> com.mysql.jdbc.Driver, factoryClassLocation -> null, forceIgnoreUnresolvedTransactions -> false, identityToken -> 1hge1609p4z6mbvcu3ah9|2c8f65da, idleConnectionTestPeriod -> 0, initialPoolSize -> 10, jdbcUrl -> jdbc:mysql://127.0.0.1:3306/jfinal_cms?characterEncoding=UTF-8&zeroDateTimeBehavior=convertToNull, maxAdministrativeTaskTime -> 0, maxConnectionAge -> 0, maxIdleTime -> 20, maxIdleTimeExcessConnections -> 0, maxPoolSize -> 100, maxStatements -> 0, maxStatementsPerConnection -> 0, minPoolSize -> 10, numHelperThreads -> 3, numThreadsAwaitingCheckoutDefaultUser -> 0, preferredTestQuery -> null, properties -> {user=******, password=******}, propertyCycle -> 0, testConnectionOnCheckin -> false, testConnectionOnCheckout -> false, unreturnedConnectionTimeout -> 0, usesTraditionalReflectiveProxies -> false ]
702 [17/07/05 16:49:07:129][main][com.jflyfox.component.util.JFlyFoxCache-init] ####缓存初始化开始......
718 [17/07/05 16:49:07:145][main][com.jflyfox.system.dict.DictCache-init] ####数据字典Cache初始化......
734 [17/07/05 16:49:07:161][main][com.jflyfox.system.user.UserCache-init] ####用户Cache初始化......
734 [17/07/05 16:49:07:161][main][com.jflyfox.system.config.ConfigCache-init] ####参数配置Cache初始化......
749 [17/07/05 16:49:07:176][main][com.jflyfox.modules.admin.pageview.PageViewCache-init] ####PageViewCache初始化......
749 [17/07/05 16:49:07:176][main][com.jflyfox.modules.admin.friendlylink.FriendlylinkCache-init] ####FriendlylinkCache初始化......
766 [17/07/05 16:49:07:193][main][com.jflyfox.modules.admin.folder.FolderService-initMenuKey] ####目录Key初始化......
781 [17/07/05 16:49:07:208][main][com.jflyfox.system.log.SysLog-init] ####日志配置初始化......
781 [17/07/05 16:49:07:208][main][com.jflyfox.component.util.JFlyFoxCache-init] ####缓存初始化结束......
0 [17/07/05 16:54:54:918][main][com.mchange.v2.log.MLog-<clinit>] MLog clients using log4j logging.
255 [17/07/05 16:54:55:173][main][com.mchange.v2.c3p0.C3P0Registry-banner] Initializing c3p0-0.9.1.2 [built 21-May-2007 15:04:56; debug? true; trace: 10]
333 [17/07/05 16:54:55:251][main][com.mchange.v2.c3p0.impl.AbstractPoolBackedDataSource-getPoolManager] Initializing c3p0 pool... com.mchange.v2.c3p0.ComboPooledDataSource [ acquireIncrement -> 2, acquireRetryAttempts -> 30, acquireRetryDelay -> 1000, autoCommitOnClose -> false, automaticTestTable -> null, breakAfterAcquireFailure -> false, checkoutTimeout -> 0, connectionCustomizerClassName -> null, connectionTesterClassName -> com.mchange.v2.c3p0.impl.DefaultConnectionTester, dataSourceName -> 1hge1609p4ze38lop35yn|2c8f65da, debugUnreturnedConnectionStackTraces -> false, description -> null, driverClass -> com.mysql.jdbc.Driver, factoryClassLocation -> null, forceIgnoreUnresolvedTransactions -> false, identityToken -> 1hge1609p4ze38lop35yn|2c8f65da, idleConnectionTestPeriod -> 0, initialPoolSize -> 10, jdbcUrl -> jdbc:mysql://127.0.0.1:3306/jfinal_cms?characterEncoding=UTF-8&zeroDateTimeBehavior=convertToNull, maxAdministrativeTaskTime -> 0, maxConnectionAge -> 0, maxIdleTime -> 20, maxIdleTimeExcessConnections -> 0, maxPoolSize -> 100, maxStatements -> 0, maxStatementsPerConnection -> 0, minPoolSize -> 10, numHelperThreads -> 3, numThreadsAwaitingCheckoutDefaultUser -> 0, preferredTestQuery -> null, properties -> {user=******, password=******}, propertyCycle -> 0, testConnectionOnCheckin -> false, testConnectionOnCheckout -> false, unreturnedConnectionTimeout -> 0, usesTraditionalReflectiveProxies -> false ]
707 [17/07/05 16:54:55:625][main][com.jflyfox.component.util.JFlyFoxCache-init] ####缓存初始化开始......
738 [17/07/05 16:54:55:656][main][com.jflyfox.system.dict.DictCache-init] ####数据字典Cache初始化......
755 [17/07/05 16:54:55:673][main][com.jflyfox.system.user.UserCache-init] ####用户Cache初始化......
755 [17/07/05 16:54:55:673][main][com.jflyfox.system.config.ConfigCache-init] ####参数配置Cache初始化......
755 [17/07/05 16:54:55:673][main][com.jflyfox.modules.admin.pageview.PageViewCache-init] ####PageViewCache初始化......
755 [17/07/05 16:54:55:673][main][com.jflyfox.modules.admin.friendlylink.FriendlylinkCache-init] ####FriendlylinkCache初始化......
771 [17/07/05 16:54:55:689][main][com.jflyfox.modules.admin.folder.FolderService-initMenuKey] ####目录Key初始化......
771 [17/07/05 16:54:55:689][main][com.jflyfox.system.log.SysLog-init] ####日志配置初始化......
771 [17/07/05 16:54:55:689][main][com.jflyfox.component.util.JFlyFoxCache-init] ####缓存初始化结束......
606942 [17/07/05 17:05:01:860][qtp1859823482-21][com.jflyfox.modules.admin.folder.FolderService-initMenuKey] ####目录Key初始化......
1206986 [17/07/05 17:15:01:904][qtp1859823482-22][com.jflyfox.modules.admin.folder.FolderService-initMenuKey] ####目录Key初始化......
1807023 [17/07/05 17:25:01:941][qtp1859823482-22][com.jflyfox.modules.admin.folder.FolderService-initMenuKey] ####目录Key初始化......
2122620 [17/07/05 17:30:17:538][qtp1859823482-22][com.jflyfox.modules.admin.folder.FolderService-initMenuKey] ####目录Key初始化......
2122627 [17/07/05 17:30:17:545][qtp1859823482-22][com.jflyfox.system.user.UserInterceptor-intercept] ####非法的请求
2122648 [17/07/05 17:30:17:566][qtp1859823482-23][com.jflyfox.system.user.UserInterceptor-intercept] ####非法的请求
